<?xml version="1.0" encoding="utf-8"?><testsuites name="pytest tests"><testsuite name="pytest" errors="0" failures="0" skipped="0" tests="3" time="3.535" timestamp="2026-09-13T22:50:52.755369+00:00" hostname="agent-env-ac0610b9-00e4-46da-a053-b9a3f461b142"><testcase classname="backend.tests.test_iter20_private_vault" name="test_private_vault_backfills_cover_upload_and_voice_memo" time="1.707" /><testcase classname="backend.tests.test_iter20_private_vault" name="test_cover_pdf_export_persists_private_record" time="0.951" /><testcase classname="backend.tests.test_iter20_private_vault" name="test_document_delete_soft_deletes_private_file_records" time="0.744" /></testsuite></testsuites>