<?xml version="1.0" encoding="utf-8"?><testsuites name="pytest tests"><testsuite name="pytest" errors="0" failures="1" skipped="0" tests="37" time="37.470" timestamp="2026-07-29T15:22:57.494953+00:00" hostname="agent-env-ac0610b9-00e4-46da-a053-b9a3f461b142"><testcase classname="tests.test_iter17_audit.TestAuth" name="test_register_login_me" time="0.900" /><testcase classname="tests.test_iter17_audit.TestAuth" name="test_admin_me_flags" time="0.481" /><testcase classname="tests.test_iter17_audit.TestAuth" name="test_referrals_and_badge" time="0.770" /><testcase classname="tests.test_iter17_audit.TestAuth" name="test_referred_by_set_on_registration" time="0.471" /><testcase classname="tests.test_iter17_audit.TestDocuments" name="test_crud" time="0.746" /><testcase classname="tests.test_iter17_audit.TestDocuments" name="test_docx_upload" time="0.194" /><testcase classname="tests.test_iter17_audit.TestDocuments" name="test_export_pdf_and_epub" time="0.394" /><testcase classname="tests.test_iter17_audit.TestAIEditor" name="test_tools_list" time="0.143" /><testcase classname="tests.test_iter17_audit.TestAIEditor" name="test_tighten_clarity_blurb" time="12.928" /><testcase classname="tests.test_iter17_audit.TestAIEditor" name="test_copyedit" time="2.189"><failure message="AssertionError: assert ('result' in {'issues': [], 'paragraph_count': 4, 'readability': {'adverb_pct': 0.0, 'avg_sentence_length': 10.0, 'fk_grade': 4.8, 'longest_sentence': 'Chapter One The bell rang out at dawn across the valley.', ...}, 'style_guide': 'chicago'} or 'edited' in {'issues': [], 'paragraph_count': 4, 'readability': {'adverb_pct': 0.0, 'avg_sentence_length': 10.0, 'fk_grade': 4.8, 'longest_sentence': 'Chapter One The bell rang out at dawn across the valley.', ...}, 'style_guide': 'chicago'} or 'output' in {'issues': [], 'paragraph_count': 4, 'readability': {'adverb_pct': 0.0, 'avg_sentence_length': 10.0, 'fk_grade': 4.8, 'longest_sentence': 'Chapter One The bell rang out at dawn across the valley.', ...}, 'style_guide': 'chicago'})&#10; +  where {'issues': [], 'paragraph_count': 4, 'readability': {'adverb_pct': 0.0, 'avg_sentence_length': 10.0, 'fk_grade': 4.8, 'longest_sentence': 'Chapter One The bell rang out at dawn across the valley.', ...}, 'style_guide': 'chicago'} = json()&#10; +    where json = &lt;Response [200]&gt;.json&#10; +  and   {'issues': [], 'paragraph_count': 4, 'readability': {'adverb_pct': 0.0, 'avg_sentence_length': 10.0, 'fk_grade': 4.8, 'longest_sentence': 'Chapter One The bell rang out at dawn across the valley.', ...}, 'style_guide': 'chicago'} = json()&#10; +    where json = &lt;Response [200]&gt;.json&#10; +  and   {'issues': [], 'paragraph_count': 4, 'readability': {'adverb_pct': 0.0, 'avg_sentence_length': 10.0, 'fk_grade': 4.8, 'longest_sentence': 'Chapter One The bell rang out at dawn across the valley.', ...}, 'style_guide': 'chicago'} = json()&#10; +    where json = &lt;Response [200]&gt;.json">tests/test_iter17_audit.py:220: in test_copyedit
    assert "result" in r.json() or "edited" in r.json() or "output" in r.json()
E   AssertionError: assert ('result' in {'issues': [], 'paragraph_count': 4, 'readability': {'adverb_pct': 0.0, 'avg_sentence_length': 10.0, 'fk_grade': 4.8, 'longest_sentence': 'Chapter One The bell rang out at dawn across the valley.', ...}, 'style_guide': 'chicago'} or 'edited' in {'issues': [], 'paragraph_count': 4, 'readability': {'adverb_pct': 0.0, 'avg_sentence_length': 10.0, 'fk_grade': 4.8, 'longest_sentence': 'Chapter One The bell rang out at dawn across the valley.', ...}, 'style_guide': 'chicago'} or 'output' in {'issues': [], 'paragraph_count': 4, 'readability': {'adverb_pct': 0.0, 'avg_sentence_length': 10.0, 'fk_grade': 4.8, 'longest_sentence': 'Chapter One The bell rang out at dawn across the valley.', ...}, 'style_guide': 'chicago'})
E    +  where {'issues': [], 'paragraph_count': 4, 'readability': {'adverb_pct': 0.0, 'avg_sentence_length': 10.0, 'fk_grade': 4.8, 'longest_sentence': 'Chapter One The bell rang out at dawn across the valley.', ...}, 'style_guide': 'chicago'} = json()
E    +    where json = &lt;Response [200]&gt;.json
E    +  and   {'issues': [], 'paragraph_count': 4, 'readability': {'adverb_pct': 0.0, 'avg_sentence_length': 10.0, 'fk_grade': 4.8, 'longest_sentence': 'Chapter One The bell rang out at dawn across the valley.', ...}, 'style_guide': 'chicago'} = json()
E    +    where json = &lt;Response [200]&gt;.json
E    +  and   {'issues': [], 'paragraph_count': 4, 'readability': {'adverb_pct': 0.0, 'avg_sentence_length': 10.0, 'fk_grade': 4.8, 'longest_sentence': 'Chapter One The bell rang out at dawn across the valley.', ...}, 'style_guide': 'chicago'} = json()
E    +    where json = &lt;Response [200]&gt;.json</failure></testcase><testcase classname="tests.test_iter17_audit.TestWritingAgent" name="test_voices_list_has_seven" time="0.116" /><testcase classname="tests.test_iter17_audit.TestWritingAgent" name="test_quota_snapshot_shape" time="0.118" /><testcase classname="tests.test_iter17_audit.TestAgentQuotaDecrement" name="test_five_then_402" time="9.480" /><testcase classname="tests.test_iter17_audit.TestAgentQuotaDecrement" name="test_subscriber_unlimited" time="0.568" /><testcase classname="tests.test_iter17_audit.TestAgentChat" name="test_chat_history_persists_and_clears" time="2.473" /><testcase classname="tests.test_iter17_audit.TestChapterAudiobook" name="test_preview_returns_chapters" time="0.112" /><testcase classname="tests.test_iter17_audit.TestChapterAudiobook" name="test_export_400_when_single_chapter" time="0.235" /><testcase classname="tests.test_iter17_audit.TestChapterAudiobook" name="test_export_400_when_empty" time="0.278" /><testcase classname="tests.test_iter17_audit.TestAffiliateAndAdmin" name="test_public_settings" time="0.117" /><testcase classname="tests.test_iter17_audit.TestAffiliateAndAdmin" name="test_leaderboard" time="0.140" /><testcase classname="tests.test_iter17_audit.TestAffiliateAndAdmin" name="test_admin_settings_forbidden_for_regular" time="0.142" /><testcase classname="tests.test_iter17_audit.TestAffiliateAndAdmin" name="test_admin_settings_ok_for_admin" time="0.138" /><testcase classname="tests.test_iter17_audit.TestAffiliateAndAdmin" name="test_admin_commissions_gates" time="0.258" /><testcase classname="tests.test_iter17_audit.TestAffiliateAndAdmin" name="test_mark_paid_empty" time="0.120" /><testcase classname="tests.test_iter17_audit.TestAffiliateAndAdmin" name="test_billing_commissions_shape" time="0.135" /><testcase classname="tests.test_iter17_audit.TestBilling" name="test_plans" time="0.160" /><testcase classname="tests.test_iter17_audit.TestBilling" name="test_diagnostics_live" time="0.144" /><testcase classname="tests.test_iter17_audit.TestBilling" name="test_billing_me_default" time="0.141" /><testcase classname="tests.test_iter17_audit.TestBilling" name="test_live_checkout_creates_cs_live_session" time="0.678" /><testcase classname="tests.test_iter17_audit.TestBilling" name="test_checkout_status_404_for_other_user" time="0.903" /><testcase classname="tests.test_iter17_audit.TestBilling" name="test_webhook_bad_signature" time="0.131" /><testcase classname="tests.test_iter17_audit.TestBilling" name="test_portal_no_customer" time="0.134" /><testcase classname="tests.test_iter17_audit.TestStripeConnect" name="test_connect_status_default_false" time="0.132" /><testcase classname="tests.test_iter17_audit.TestStripeConnect" name="test_connect_onboard_503_or_actionable" time="0.284" /><testcase classname="tests.test_iter17_audit.TestStripeConnect" name="test_auto_payout_empty_ids" time="0.142" /><testcase classname="tests.test_iter17_audit.TestStripeConnect" name="test_auto_payout_no_connect_account" time="0.138" /><testcase classname="tests.test_iter17_audit.TestAdminGates" name="test_all_admin_endpoints_403" time="0.705" /></testsuite></testsuites>