<?xml version="1.0" encoding="utf-8"?><testsuites name="pytest tests"><testsuite name="pytest" errors="0" failures="0" skipped="0" tests="16" time="9.862" timestamp="2026-05-26T19:51:30.759811+00:00" hostname="agent-env-ac0610b9-00e4-46da-a053-b9a3f461b142"><testcase classname="backend.tests.test_affiliate.TestAffiliateSettingsPublic" name="test_get_settings_default" time="0.258" /><testcase classname="backend.tests.test_affiliate.TestAffiliateAdminAuth" name="test_put_admin_unauth_401" time="0.128" /><testcase classname="backend.tests.test_affiliate.TestAffiliateAdminAuth" name="test_put_admin_non_super_403" time="0.483" /><testcase classname="backend.tests.test_affiliate.TestAffiliateAdminSuper" name="test_put_admin_success_and_persists" time="1.105" /><testcase classname="backend.tests.test_affiliate.TestAffiliateAdminSuper" name="test_put_admin_invalid_reward_type_400" time="0.870" /><testcase classname="backend.tests.test_affiliate.TestAffiliateAdminSuper" name="test_put_admin_invalid_commission_400" time="0.852" /><testcase classname="backend.tests.test_affiliate.TestAffiliateAdminSuper" name="test_put_admin_invalid_qualifying_event_400" time="0.807" /><testcase classname="backend.tests.test_affiliate.TestLeaderboard" name="test_leaderboard_public" time="0.110" /><testcase classname="backend.tests.test_affiliate.TestLeaderboard" name="test_leaderboard_limit_clamped" time="0.295" /><testcase classname="backend.tests.test_affiliate.TestLeaderboard" name="test_leaderboard_sorted_desc_with_names" time="1.975" /><testcase classname="backend.tests.test_affiliate.TestBadges" name="test_badge_unauth_401" time="0.128" /><testcase classname="backend.tests.test_affiliate.TestBadges" name="test_badge_zero_referrals" time="0.480" /><testcase classname="backend.tests.test_affiliate.TestBadges" name="test_badge_ambassador_at_1" time="0.799" /><testcase classname="backend.tests.test_affiliate.TestBadges" name="test_badge_advocate_at_5" time="0.470" /><testcase classname="backend.tests.test_affiliate.TestRegression" name="test_register_and_me" time="0.482" /><testcase classname="backend.tests.test_affiliate.TestRegression" name="test_me_referrals_still_works" time="0.473" /></testsuite></testsuites>