<?xml version="1.0" encoding="utf-8"?><testsuites name="pytest tests"><testsuite name="pytest" errors="0" failures="0" skipped="0" tests="34" time="6.680" timestamp="2026-05-27T04:21:48.541502+00:00" hostname="agent-env-ac0610b9-00e4-46da-a053-b9a3f461b142"><testcase classname="tests.test_billing.TestBillingPlans" name="test_plans_public_no_auth" time="0.151" /><testcase classname="tests.test_billing.TestBillingMe" name="test_me_requires_auth" time="0.121" /><testcase classname="tests.test_billing.TestBillingMe" name="test_fresh_user_inactive" time="0.484" /><testcase classname="tests.test_billing.TestBillingCheckout" name="test_checkout_requires_auth" time="0.108" /><testcase classname="tests.test_billing.TestBillingCheckout" name="test_checkout_invalid_plan_400" time="0.114" /><testcase classname="tests.test_billing.TestBillingCheckout" name="test_checkout_invalid_origin_400" time="0.102" /><testcase classname="tests.test_billing.TestBillingCheckout" name="test_checkout_creates_stripe_session_and_txn" time="0.626" /><testcase classname="tests.test_billing.TestBillingCheckout" name="test_status_returns_stripe_state" time="0.355" /><testcase classname="tests.test_billing.TestBillingCheckout" name="test_status_other_user_404" time="0.478" /><testcase classname="tests.test_billing.TestStripeWebhook" name="test_webhook_rejects_bad_payload_gracefully" time="0.105" /><testcase classname="tests.test_billing.TestStripeWebhook" name="test_webhook_endpoint_exists_post_only" time="0.121" /><testcase classname="tests.test_billing.TestUserCommissions" name="test_my_commissions_requires_auth" time="0.123" /><testcase classname="tests.test_billing.TestUserCommissions" name="test_my_commissions_empty_for_fresh_user" time="0.123" /><testcase classname="tests.test_billing.TestAdminCommissions" name="test_admin_list_requires_super_admin" time="0.108" /><testcase classname="tests.test_billing.TestAdminCommissions" name="test_admin_list_ok_for_owner" time="0.482" /><testcase classname="tests.test_billing.TestAdminCommissions" name="test_admin_list_filter_by_status" time="0.114" /><testcase classname="tests.test_billing.TestAdminCommissions" name="test_mark_paid_requires_super_admin" time="0.105" /><testcase classname="tests.test_billing.TestAdminCommissions" name="test_mark_paid_empty_ids_400" time="0.114" /><testcase classname="tests.test_billing.TestAdminCommissions" name="test_mark_paid_unknown_ids_returns_zero" time="0.112" /><testcase classname="tests.test_billing.TestCommissionAccrualLogic" name="test_calculate_commission_first_payment_uses_signup_pct" time="0.000" /><testcase classname="tests.test_billing.TestCommissionAccrualLogic" name="test_calculate_commission_mrr_within_active_window" time="0.000" /><testcase classname="tests.test_billing.TestCommissionAccrualLogic" name="test_calculate_commission_mrr_outside_active_window_is_none" time="0.000" /><testcase classname="tests.test_billing.TestCommissionAccrualLogic" name="test_calculate_commission_disabled_returns_none" time="0.000" /><testcase classname="tests.test_billing.TestChapterAudiobook" name="test_preview_chapters_returns_h1_h2_split" time="0.218" /><testcase classname="tests.test_billing.TestChapterAudiobook" name="test_preview_other_users_doc_404" time="0.229" /><testcase classname="tests.test_billing.TestChapterAudiobook" name="test_export_zero_chapters_returns_400" time="0.233" /><testcase classname="tests.test_billing.TestChapterAudiobook" name="test_export_single_chapter_returns_400" time="0.225" /><testcase classname="tests.test_billing.TestChapterAudiobook" name="test_export_other_users_doc_404" time="0.230" /><testcase classname="tests.test_billing.TestRegression" name="test_register_and_login_flow" time="0.708" /><testcase classname="tests.test_billing.TestRegression" name="test_auth_me_owner" time="0.123" /><testcase classname="tests.test_billing.TestRegression" name="test_affiliate_settings_public" time="0.109" /><testcase classname="tests.test_billing.TestRegression" name="test_admin_affiliate_settings_super_admin_only" time="0.221" /><testcase classname="tests.test_billing.TestRegression" name="test_referrals_leaderboard" time="0.117" /><testcase classname="tests.test_billing.TestRegression" name="test_auth_me_badge" time="0.116" /></testsuite></testsuites>