<?xml version="1.0" encoding="utf-8"?><testsuites name="pytest tests"><testsuite name="pytest" errors="0" failures="0" skipped="0" tests="9" time="12.844" timestamp="2026-09-13T18:51:07.503427+00:00" hostname="agent-env-ac0610b9-00e4-46da-a053-b9a3f461b142"><testcase classname="tests.test_iter19_byo_llm" name="test_public_llm_providers_endpoint" time="0.286" /><testcase classname="tests.test_iter19_byo_llm" name="test_me_returns_new_fields_defaults" time="0.516" /><testcase classname="tests.test_iter19_byo_llm" name="test_set_and_clear_openai_key" time="0.972" /><testcase classname="tests.test_iter19_byo_llm" name="test_set_and_clear_anthropic_key" time="0.835" /><testcase classname="tests.test_iter19_byo_llm" name="test_preferred_provider_toggle" time="0.889" /><testcase classname="tests.test_iter19_byo_llm" name="test_agent_chat_byo_key_bypasses_quota" time="2.082" /><testcase classname="tests.test_iter19_byo_llm" name="test_agent_chat_fallback_to_dlp_key_decrements_quota" time="2.105" /><testcase classname="tests.test_iter19_byo_llm" name="test_resolver_preference_with_only_openai_key_and_pref_anthropic" time="2.311" /><testcase classname="tests.test_iter19_byo_llm" name="test_inline_command_byo_routing" time="2.704" /></testsuite></testsuites>