<?xml version="1.0" encoding="utf-8"?><testsuites name="pytest tests"><testsuite name="pytest" errors="0" failures="0" skipped="0" tests="4" time="4.047" timestamp="2026-07-29T15:32:37.296820+00:00" hostname="agent-env-ac0610b9-00e4-46da-a053-b9a3f461b142"><testcase classname="tests.test_iter18_quota_refund.TestQuotaRefundHTTP" name="test_empty_selected_text_refunds" time="0.953" /><testcase classname="tests.test_iter18_quota_refund.TestQuotaRefundHTTP" name="test_empty_instruction_refunds" time="0.749" /><testcase classname="tests.test_iter18_quota_refund.TestQuotaRefundHTTP" name="test_successful_command_still_decrements" time="2.208" /><testcase classname="tests.test_iter18_quota_refund.TestRefundHelperDirect" name="test_refund_reverses_increment" time="0.013" /></testsuite></testsuites>