<?xml version="1.0" encoding="utf-8"?><testsuites name="pytest tests"><testsuite name="pytest" errors="0" failures="0" skipped="0" tests="6" time="8.183" timestamp="2026-09-14T00:09:26.188968+00:00" hostname="agent-env-ac0610b9-00e4-46da-a053-b9a3f461b142"><testcase classname="backend.tests.test_password_recovery" name="test_forgot_password_response_does_not_reveal_accounts" time="0.390" /><testcase classname="backend.tests.test_password_recovery" name="test_reset_password_is_single_use_and_invalidates_sessions" time="2.341" /><testcase classname="backend.tests.test_password_recovery" name="test_authenticated_change_password_invalidates_current_token" time="1.627" /><testcase classname="backend.tests.test_password_recovery" name="test_login_brute_force_limit" time="2.936" /><testcase classname="backend.tests.test_password_recovery" name="test_previous_owner_identity_no_longer_authenticates" time="0.682" /><testcase classname="backend.tests.test_password_recovery" name="test_only_expected_super_admin_remains" time="0.004" /></testsuite></testsuites>