<?xml version="1.0" encoding="utf-8"?><testsuites name="pytest tests"><testsuite name="pytest" errors="0" failures="0" skipped="0" tests="34" time="8.069" timestamp="2026-07-29T15:20:54.453817+00:00" hostname="agent-env-ac0610b9-00e4-46da-a053-b9a3f461b142"><testcase classname="tests.test_billing.TestBillingPlans" name="test_plans_public_no_auth" time="0.306" /><testcase classname="tests.test_billing.TestBillingMe" name="test_me_requires_auth" time="0.203" /><testcase classname="tests.test_billing.TestBillingMe" name="test_fresh_user_inactive" time="0.598" /><testcase classname="tests.test_billing.TestBillingCheckout" name="test_checkout_requires_auth" time="0.128" /><testcase classname="tests.test_billing.TestBillingCheckout" name="test_checkout_invalid_plan_400" time="0.249" /><testcase classname="tests.test_billing.TestBillingCheckout" name="test_checkout_invalid_origin_400" time="0.127" /><testcase classname="tests.test_billing.TestBillingCheckout" name="test_checkout_creates_stripe_session_and_txn" time="0.867" /><testcase classname="tests.test_billing.TestBillingCheckout" name="test_status_returns_stripe_state" time="0.267" /><testcase classname="tests.test_billing.TestBillingCheckout" name="test_status_other_user_404" time="0.614" /><testcase classname="tests.test_billing.TestStripeWebhook" name="test_webhook_rejects_bad_payload_gracefully" time="0.193" /><testcase classname="tests.test_billing.TestStripeWebhook" name="test_webhook_endpoint_exists_post_only" time="0.164" /><testcase classname="tests.test_billing.TestUserCommissions" name="test_my_commissions_requires_auth" time="0.149" /><testcase classname="tests.test_billing.TestUserCommissions" name="test_my_commissions_empty_for_fresh_user" time="0.122" /><testcase classname="tests.test_billing.TestAdminCommissions" name="test_admin_list_requires_super_admin" time="0.139" /><testcase classname="tests.test_billing.TestAdminCommissions" name="test_admin_list_ok_for_owner" time="0.496" /><testcase classname="tests.test_billing.TestAdminCommissions" name="test_admin_list_filter_by_status" time="0.131" /><testcase classname="tests.test_billing.TestAdminCommissions" name="test_mark_paid_requires_super_admin" time="0.130" /><testcase classname="tests.test_billing.TestAdminCommissions" name="test_mark_paid_empty_ids_400" time="0.105" /><testcase classname="tests.test_billing.TestAdminCommissions" name="test_mark_paid_unknown_ids_returns_zero" time="0.116" /><testcase classname="tests.test_billing.TestCommissionAccrualLogic" name="test_calculate_commission_first_payment_uses_signup_pct" time="0.001" /><testcase classname="tests.test_billing.TestCommissionAccrualLogic" name="test_calculate_commission_mrr_within_active_window" time="0.000" /><testcase classname="tests.test_billing.TestCommissionAccrualLogic" name="test_calculate_commission_mrr_outside_active_window_is_none" time="0.000" /><testcase classname="tests.test_billing.TestCommissionAccrualLogic" name="test_calculate_commission_disabled_returns_none" time="0.000" /><testcase classname="tests.test_billing.TestChapterAudiobook" name="test_preview_chapters_returns_h1_h2_split" time="0.269" /><testcase classname="tests.test_billing.TestChapterAudiobook" name="test_preview_other_users_doc_404" time="0.235" /><testcase classname="tests.test_billing.TestChapterAudiobook" name="test_export_zero_chapters_returns_400" time="0.270" /><testcase classname="tests.test_billing.TestChapterAudiobook" name="test_export_single_chapter_returns_400" time="0.249" /><testcase classname="tests.test_billing.TestChapterAudiobook" name="test_export_other_users_doc_404" time="0.290" /><testcase classname="tests.test_billing.TestRegression" name="test_register_and_login_flow" time="0.697" /><testcase classname="tests.test_billing.TestRegression" name="test_auth_me_owner" time="0.135" /><testcase classname="tests.test_billing.TestRegression" name="test_affiliate_settings_public" time="0.165" /><testcase classname="tests.test_billing.TestRegression" name="test_admin_affiliate_settings_super_admin_only" time="0.303" /><testcase classname="tests.test_billing.TestRegression" name="test_referrals_leaderboard" time="0.131" /><testcase classname="tests.test_billing.TestRegression" name="test_auth_me_badge" time="0.131" /></testsuite></testsuites>