<?xml version="1.0" encoding="utf-8"?><testsuites name="pytest tests"><testsuite name="pytest" errors="0" failures="2" skipped="0" tests="12" time="63.682" timestamp="2026-09-14T00:12:59.297227+00:00" hostname="agent-env-ac0610b9-00e4-46da-a053-b9a3f461b142"><testcase classname="backend.tests.test_iter21_auth_hardening" name="test_forgot_password_generic_for_existing_and_unknown_accounts" time="1.182" /><testcase classname="backend.tests.test_iter21_auth_hardening" name="test_reset_token_record_stores_only_hash_and_30m_expiry" time="0.895" /><testcase classname="backend.tests.test_iter21_auth_hardening" name="test_reset_and_rate_limit_ttl_indexes_exist" time="0.007" /><testcase classname="backend.tests.test_iter21_auth_hardening" name="test_reset_password_rejects_expired_token" time="0.698" /><testcase classname="backend.tests.test_iter21_auth_hardening" name="test_change_password_requires_current_password" time="0.852" /><testcase classname="backend.tests.test_iter21_auth_hardening" name="test_change_password_rejects_same_password" time="1.071" /><testcase classname="backend.tests.test_iter21_auth_hardening" name="test_change_password_invalidates_jwt_and_allows_new_login" time="2.408" /><testcase classname="backend.tests.test_iter21_auth_hardening" name="test_successful_login_clears_prior_failures" time="34.126" /><testcase classname="backend.tests.test_iter21_auth_hardening" name="test_super_admin_containment_and_demotion_of_test_accounts" time="0.006" /><testcase classname="backend.tests.test_iter21_auth_hardening" name="test_registered_password_uses_bcrypt_2b_format" time="21.065" /><testcase classname="backend.tests.test_iter21_auth_hardening" name="test_login_sets_httponly_cookie" time="0.894"><failure message="AssertionError: assert ('access_token=' in '__cf_bm=vEUOjpj9ZUDkEmZBk29aZxVrFuwEfbQW1TK_c_PnAVw-1789344842.4242494-1.0.1.1-nddUnVs.iUHzYC5aNd90D4xYiF65fpR0xAWAApJc466aVrFMs_Jx4l4E9Ma9.aIt91nEy6uhfUeTVkSd4JLWD.URvlv0X4tt4jSPBtlEYjCE.UJUtR3Wzbva8Pujh6dM; HttpOnly; SameSite=None; Secure; Path=/; Domain=preview.emergentagent.com; Expires=Mon, 14 Sep 2026 00:44:02 GMT' or 'auth_token=' in '__cf_bm=vEUOjpj9ZUDkEmZBk29aZxVrFuwEfbQW1TK_c_PnAVw-1789344842.4242494-1.0.1.1-nddUnVs.iUHzYC5aNd90D4xYiF65fpR0xAWAApJc466aVrFMs_Jx4l4E9Ma9.aIt91nEy6uhfUeTVkSd4JLWD.URvlv0X4tt4jSPBtlEYjCE.UJUtR3Wzbva8Pujh6dM; HttpOnly; SameSite=None; Secure; Path=/; Domain=preview.emergentagent.com; Expires=Mon, 14 Sep 2026 00:44:02 GMT' or 'session=' in '__cf_bm=vEUOjpj9ZUDkEmZBk29aZxVrFuwEfbQW1TK_c_PnAVw-1789344842.4242494-1.0.1.1-nddUnVs.iUHzYC5aNd90D4xYiF65fpR0xAWAApJc466aVrFMs_Jx4l4E9Ma9.aIt91nEy6uhfUeTVkSd4JLWD.URvlv0X4tt4jSPBtlEYjCE.UJUtR3Wzbva8Pujh6dM; HttpOnly; SameSite=None; Secure; Path=/; Domain=preview.emergentagent.com; Expires=Mon, 14 Sep 2026 00:44:02 GMT')">backend/tests/test_iter21_auth_hardening.py:239: in test_login_sets_httponly_cookie
    assert (
E   AssertionError: assert ('access_token=' in '__cf_bm=vEUOjpj9ZUDkEmZBk29aZxVrFuwEfbQW1TK_c_PnAVw-1789344842.4242494-1.0.1.1-nddUnVs.iUHzYC5aNd90D4xYiF65fpR0xAWAApJc466aVrFMs_Jx4l4E9Ma9.aIt91nEy6uhfUeTVkSd4JLWD.URvlv0X4tt4jSPBtlEYjCE.UJUtR3Wzbva8Pujh6dM; HttpOnly; SameSite=None; Secure; Path=/; Domain=preview.emergentagent.com; Expires=Mon, 14 Sep 2026 00:44:02 GMT' or 'auth_token=' in '__cf_bm=vEUOjpj9ZUDkEmZBk29aZxVrFuwEfbQW1TK_c_PnAVw-1789344842.4242494-1.0.1.1-nddUnVs.iUHzYC5aNd90D4xYiF65fpR0xAWAApJc466aVrFMs_Jx4l4E9Ma9.aIt91nEy6uhfUeTVkSd4JLWD.URvlv0X4tt4jSPBtlEYjCE.UJUtR3Wzbva8Pujh6dM; HttpOnly; SameSite=None; Secure; Path=/; Domain=preview.emergentagent.com; Expires=Mon, 14 Sep 2026 00:44:02 GMT' or 'session=' in '__cf_bm=vEUOjpj9ZUDkEmZBk29aZxVrFuwEfbQW1TK_c_PnAVw-1789344842.4242494-1.0.1.1-nddUnVs.iUHzYC5aNd90D4xYiF65fpR0xAWAApJc466aVrFMs_Jx4l4E9Ma9.aIt91nEy6uhfUeTVkSd4JLWD.URvlv0X4tt4jSPBtlEYjCE.UJUtR3Wzbva8Pujh6dM; HttpOnly; SameSite=None; Secure; Path=/; Domain=preview.emergentagent.com; Expires=Mon, 14 Sep 2026 00:44:02 GMT')</failure></testcase><testcase classname="backend.tests.test_iter21_auth_hardening" name="test_cors_credentials_do_not_use_wildcard_origin" time="0.223"><failure message="AssertionError: assert 'https://edit...rgentcf.cloud' == 'https://edit...gentagent.com'&#10;  &#10;  - https://editorial-studio-19.preview.emergentagent.com&#10;  ?                                             ^^^^^   ^&#10;  + https://editorial-studio-19.cluster-2.preview.emergentcf.cloud&#10;  ?                             ++++++++++                ^^  + ^^">backend/tests/test_iter21_auth_hardening.py:262: in test_cors_credentials_do_not_use_wildcard_origin
    assert allow_origin == origin
E   AssertionError: assert 'https://edit...rgentcf.cloud' == 'https://edit...gentagent.com'
E     
E     - https://editorial-studio-19.preview.emergentagent.com
E     ?                                             ^^^^^   ^
E     + https://editorial-studio-19.cluster-2.preview.emergentcf.cloud
E     ?                             ++++++++++                ^^  + ^^</failure></testcase></testsuite></testsuites>