<?xml version="1.0" encoding="utf-8"?><testsuites name="pytest tests"><testsuite name="pytest" errors="0" failures="0" skipped="0" tests="14" time="4.221" timestamp="2026-05-27T01:14:46.409530+00:00" hostname="agent-env-ac0610b9-00e4-46da-a053-b9a3f461b142"><testcase classname="backend.tests.test_iter15_admin_affiliate.TestOwnerLogin" name="test_owner_login_returns_super_admin_and_referral_code" time="0.346" /><testcase classname="backend.tests.test_iter15_admin_affiliate.TestOwnerLogin" name="test_auth_me_owner_is_super_admin" time="0.433" /><testcase classname="backend.tests.test_iter15_admin_affiliate.TestIsSuperAdminFieldPresence" name="test_register_response_has_is_super_admin" time="0.359" /><testcase classname="backend.tests.test_iter15_admin_affiliate.TestIsSuperAdminFieldPresence" name="test_login_response_has_is_super_admin" time="0.682" /><testcase classname="backend.tests.test_iter15_admin_affiliate.TestIsSuperAdminFieldPresence" name="test_elevenlabs_set_and_clear_responses_have_is_super_admin" time="0.566" /><testcase classname="backend.tests.test_iter15_admin_affiliate.TestSeededSettings" name="test_public_settings_match_spec" time="0.118" /><testcase classname="backend.tests.test_iter15_admin_affiliate.TestAdminSettingsMutations" name="test_put_admin_happy_and_public_reflects" time="0.353" /><testcase classname="backend.tests.test_iter15_admin_affiliate.TestAdminSettingsMutations" name="test_put_admin_invalid_signup_pct_400" time="0.110" /><testcase classname="backend.tests.test_iter15_admin_affiliate.TestAdminSettingsMutations" name="test_put_admin_invalid_reward_type_400" time="0.113" /><testcase classname="backend.tests.test_iter15_admin_affiliate.TestAdminSettingsMutations" name="test_put_admin_invalid_payout_method_400" time="0.125" /><testcase classname="backend.tests.test_iter15_admin_affiliate.TestAdminSettingsMutations" name="test_put_admin_invalid_qualifying_event_400" time="0.122" /><testcase classname="backend.tests.test_iter15_admin_affiliate.TestAdminSettingsMutations" name="test_put_admin_non_admin_403" time="0.477" /><testcase classname="backend.tests.test_iter15_admin_affiliate.TestRegressionEndpoints" name="test_leaderboard_public" time="0.126" /><testcase classname="backend.tests.test_iter15_admin_affiliate.TestRegressionEndpoints" name="test_badge_endpoint_for_owner" time="0.237" /></testsuite></testsuites>