<?xml version="1.0" encoding="utf-8"?><testsuites name="pytest tests"><testsuite name="pytest" errors="0" failures="1" skipped="0" tests="9" time="6.850" timestamp="2026-05-26T18:58:52.334159+00:00" hostname="agent-env-ac0610b9-00e4-46da-a053-b9a3f461b142"><testcase classname="backend.tests.test_referrals.TestRegisterReferralCode" name="test_register_returns_referral_code" time="0.772" /><testcase classname="backend.tests.test_referrals.TestRegisterReferralCode" name="test_codes_are_unique" time="1.699" /><testcase classname="backend.tests.test_referrals.TestReferralAttribution" name="test_valid_referral_attributes" time="1.128" /><testcase classname="backend.tests.test_referrals.TestReferralAttribution" name="test_invalid_referral_silent_fallback" time="0.944" /><testcase classname="backend.tests.test_referrals.TestMeReferralsEndpoint" name="test_unauthenticated_401" time="0.142" /><testcase classname="backend.tests.test_referrals.TestMeReferralsEndpoint" name="test_me_includes_referral_code" time="0.500" /><testcase classname="backend.tests.test_referrals.TestLegacyBackfill" name="test_backfill_on_me" time="0.486"><failure message="assert ({})">E   assert ({})</failure></testcase><testcase classname="backend.tests.test_referrals.TestElevenLabsKeyRegression" name="test_put_delete_elevenlabs_key_includes_referral" time="0.603" /><testcase classname="backend.tests.test_referrals.TestRegressionDocumentsCreate" name="test_create_doc" time="0.455" /></testsuite></testsuites>