<?xml version="1.0" encoding="utf-8"?><testsuites name="pytest tests"><testsuite name="pytest" errors="0" failures="0" skipped="0" tests="9" time="6.992" timestamp="2026-05-26T19:51:45.350919+00:00" hostname="agent-env-ac0610b9-00e4-46da-a053-b9a3f461b142"><testcase classname="backend.tests.test_referrals.TestRegisterReferralCode" name="test_register_returns_referral_code" time="0.730" /><testcase classname="backend.tests.test_referrals.TestRegisterReferralCode" name="test_codes_are_unique" time="1.753" /><testcase classname="backend.tests.test_referrals.TestReferralAttribution" name="test_valid_referral_attributes" time="1.122" /><testcase classname="backend.tests.test_referrals.TestReferralAttribution" name="test_invalid_referral_silent_fallback" time="0.920" /><testcase classname="backend.tests.test_referrals.TestMeReferralsEndpoint" name="test_unauthenticated_401" time="0.123" /><testcase classname="backend.tests.test_referrals.TestMeReferralsEndpoint" name="test_me_includes_referral_code" time="0.502" /><testcase classname="backend.tests.test_referrals.TestLegacyBackfill" name="test_backfill_on_me" time="0.542" /><testcase classname="backend.tests.test_referrals.TestElevenLabsKeyRegression" name="test_put_delete_elevenlabs_key_includes_referral" time="0.622" /><testcase classname="backend.tests.test_referrals.TestRegressionDocumentsCreate" name="test_create_doc" time="0.540" /></testsuite></testsuites>