<?xml version="1.0" encoding="utf-8"?><testsuites name="pytest tests"><testsuite name="pytest" errors="0" failures="0" skipped="0" tests="71" time="46.620" timestamp="2026-07-29T15:32:46.995306+00:00" hostname="agent-env-ac0610b9-00e4-46da-a053-b9a3f461b142"><testcase classname="tests.test_billing.TestBillingPlans" name="test_plans_public_no_auth" time="0.187" /><testcase classname="tests.test_billing.TestBillingMe" name="test_me_requires_auth" time="0.129" /><testcase classname="tests.test_billing.TestBillingMe" name="test_fresh_user_inactive" time="0.492" /><testcase classname="tests.test_billing.TestBillingCheckout" name="test_checkout_requires_auth" time="0.127" /><testcase classname="tests.test_billing.TestBillingCheckout" name="test_checkout_invalid_plan_400" time="0.130" /><testcase classname="tests.test_billing.TestBillingCheckout" name="test_checkout_invalid_origin_400" time="0.116" /><testcase classname="tests.test_billing.TestBillingCheckout" name="test_checkout_creates_stripe_session_and_txn" time="0.752" /><testcase classname="tests.test_billing.TestBillingCheckout" name="test_status_returns_stripe_state" time="0.270" /><testcase classname="tests.test_billing.TestBillingCheckout" name="test_status_other_user_404" time="0.513" /><testcase classname="tests.test_billing.TestStripeWebhook" name="test_webhook_rejects_bad_payload_gracefully" time="0.119" /><testcase classname="tests.test_billing.TestStripeWebhook" name="test_webhook_endpoint_exists_post_only" time="0.117" /><testcase classname="tests.test_billing.TestUserCommissions" name="test_my_commissions_requires_auth" time="0.115" /><testcase classname="tests.test_billing.TestUserCommissions" name="test_my_commissions_empty_for_fresh_user" time="0.168" /><testcase classname="tests.test_billing.TestAdminCommissions" name="test_admin_list_requires_super_admin" time="0.124" /><testcase classname="tests.test_billing.TestAdminCommissions" name="test_admin_list_ok_for_owner" time="0.492" /><testcase classname="tests.test_billing.TestAdminCommissions" name="test_admin_list_filter_by_status" time="0.116" /><testcase classname="tests.test_billing.TestAdminCommissions" name="test_mark_paid_requires_super_admin" time="0.114" /><testcase classname="tests.test_billing.TestAdminCommissions" name="test_mark_paid_empty_ids_400" time="0.133" /><testcase classname="tests.test_billing.TestAdminCommissions" name="test_mark_paid_unknown_ids_returns_zero" time="0.135" /><testcase classname="tests.test_billing.TestCommissionAccrualLogic" name="test_calculate_commission_first_payment_uses_signup_pct" time="0.000" /><testcase classname="tests.test_billing.TestCommissionAccrualLogic" name="test_calculate_commission_mrr_within_active_window" time="0.000" /><testcase classname="tests.test_billing.TestCommissionAccrualLogic" name="test_calculate_commission_mrr_outside_active_window_is_none" time="0.000" /><testcase classname="tests.test_billing.TestCommissionAccrualLogic" name="test_calculate_commission_disabled_returns_none" time="0.000" /><testcase classname="tests.test_billing.TestChapterAudiobook" name="test_preview_chapters_returns_h1_h2_split" time="0.271" /><testcase classname="tests.test_billing.TestChapterAudiobook" name="test_preview_other_users_doc_404" time="0.247" /><testcase classname="tests.test_billing.TestChapterAudiobook" name="test_export_zero_chapters_returns_400" time="0.240" /><testcase classname="tests.test_billing.TestChapterAudiobook" name="test_export_single_chapter_returns_400" time="0.315" /><testcase classname="tests.test_billing.TestChapterAudiobook" name="test_export_other_users_doc_404" time="0.231" /><testcase classname="tests.test_billing.TestRegression" name="test_register_and_login_flow" time="0.691" /><testcase classname="tests.test_billing.TestRegression" name="test_auth_me_owner" time="0.129" /><testcase classname="tests.test_billing.TestRegression" name="test_affiliate_settings_public" time="0.107" /><testcase classname="tests.test_billing.TestRegression" name="test_admin_affiliate_settings_super_admin_only" time="0.277" /><testcase classname="tests.test_billing.TestRegression" name="test_referrals_leaderboard" time="0.134" /><testcase classname="tests.test_billing.TestRegression" name="test_auth_me_badge" time="0.110" /><testcase classname="tests.test_iter17_audit.TestAuth" name="test_register_login_me" time="0.804" /><testcase classname="tests.test_iter17_audit.TestAuth" name="test_admin_me_flags" time="0.505" /><testcase classname="tests.test_iter17_audit.TestAuth" name="test_referrals_and_badge" time="0.743" /><testcase classname="tests.test_iter17_audit.TestAuth" name="test_referred_by_set_on_registration" time="0.493" /><testcase classname="tests.test_iter17_audit.TestDocuments" name="test_crud" time="0.814" /><testcase classname="tests.test_iter17_audit.TestDocuments" name="test_docx_upload" time="0.186" /><testcase classname="tests.test_iter17_audit.TestDocuments" name="test_export_pdf_and_epub" time="0.421" /><testcase classname="tests.test_iter17_audit.TestAIEditor" name="test_tools_list" time="0.120" /><testcase classname="tests.test_iter17_audit.TestAIEditor" name="test_tighten_clarity_blurb" time="12.371" /><testcase classname="tests.test_iter17_audit.TestAIEditor" name="test_copyedit" time="1.914" /><testcase classname="tests.test_iter17_audit.TestWritingAgent" name="test_voices_list_has_seven" time="0.139" /><testcase classname="tests.test_iter17_audit.TestWritingAgent" name="test_quota_snapshot_shape" time="0.187" /><testcase classname="tests.test_iter17_audit.TestAgentQuotaDecrement" name="test_five_then_402" time="12.082" /><testcase classname="tests.test_iter17_audit.TestAgentQuotaDecrement" name="test_subscriber_unlimited" time="0.536" /><testcase classname="tests.test_iter17_audit.TestAgentChat" name="test_chat_history_persists_and_clears" time="3.551" /><testcase classname="tests.test_iter17_audit.TestChapterAudiobook" name="test_preview_returns_chapters" time="0.148" /><testcase classname="tests.test_iter17_audit.TestChapterAudiobook" name="test_export_400_when_single_chapter" time="0.245" /><testcase classname="tests.test_iter17_audit.TestChapterAudiobook" name="test_export_400_when_empty" time="0.241" /><testcase classname="tests.test_iter17_audit.TestAffiliateAndAdmin" name="test_public_settings" time="0.116" /><testcase classname="tests.test_iter17_audit.TestAffiliateAndAdmin" name="test_leaderboard" time="0.140" /><testcase classname="tests.test_iter17_audit.TestAffiliateAndAdmin" name="test_admin_settings_forbidden_for_regular" time="0.110" /><testcase classname="tests.test_iter17_audit.TestAffiliateAndAdmin" name="test_admin_settings_ok_for_admin" time="0.115" /><testcase classname="tests.test_iter17_audit.TestAffiliateAndAdmin" name="test_admin_commissions_gates" time="0.249" /><testcase classname="tests.test_iter17_audit.TestAffiliateAndAdmin" name="test_mark_paid_empty" time="0.128" /><testcase classname="tests.test_iter17_audit.TestAffiliateAndAdmin" name="test_billing_commissions_shape" time="0.125" /><testcase classname="tests.test_iter17_audit.TestBilling" name="test_plans" time="0.120" /><testcase classname="tests.test_iter17_audit.TestBilling" name="test_diagnostics_live" time="0.127" /><testcase classname="tests.test_iter17_audit.TestBilling" name="test_billing_me_default" time="0.126" /><testcase classname="tests.test_iter17_audit.TestBilling" name="test_live_checkout_creates_cs_live_session" time="0.379" /><testcase classname="tests.test_iter17_audit.TestBilling" name="test_checkout_status_404_for_other_user" time="0.877" /><testcase classname="tests.test_iter17_audit.TestBilling" name="test_webhook_bad_signature" time="0.120" /><testcase classname="tests.test_iter17_audit.TestBilling" name="test_portal_no_customer" time="0.105" /><testcase classname="tests.test_iter17_audit.TestStripeConnect" name="test_connect_status_default_false" time="0.112" /><testcase classname="tests.test_iter17_audit.TestStripeConnect" name="test_connect_onboard_503_or_actionable" time="0.245" /><testcase classname="tests.test_iter17_audit.TestStripeConnect" name="test_auto_payout_empty_ids" time="0.110" /><testcase classname="tests.test_iter17_audit.TestStripeConnect" name="test_auto_payout_no_connect_account" time="0.124" /><testcase classname="tests.test_iter17_audit.TestAdminGates" name="test_all_admin_endpoints_403" time="0.506" /></testsuite></testsuites>