<?xml version="1.0" encoding="utf-8"?><testsuites name="pytest tests"><testsuite name="pytest" errors="0" failures="0" skipped="0" tests="18" time="23.169" timestamp="2026-09-15T16:35:22.924407+00:00" hostname="agent-env-ac0610b9-00e4-46da-a053-b9a3f461b142"><testcase classname="backend.tests.test_lulu_credentials" name="test_credential_cipher_round_trip" time="0.002" /><testcase classname="backend.tests.test_lulu_credentials" name="test_lulu_credentials_are_admin_only" time="1.666" /><testcase classname="backend.tests.test_lulu_credentials" name="test_save_status_and_clear_never_expose_secrets" time="1.530" /><testcase classname="backend.tests.test_lulu_credentials" name="test_connection_requires_saved_credentials" time="1.467" /><testcase classname="backend.tests.test_iter22_lulu_admin_security" name="test_lulu_replace_overwrites_and_keeps_single_row" time="1.194" /><testcase classname="backend.tests.test_iter22_lulu_admin_security" name="test_lulu_test_connection_invalid_credentials_is_safe_and_non_leaky" time="1.359" /><testcase classname="backend.tests.test_iter22_lulu_admin_security" name="test_lulu_admin_endpoints_reject_regular_user" time="1.467" /><testcase classname="backend.tests.test_password_recovery" name="test_forgot_password_response_does_not_reveal_accounts" time="0.195" /><testcase classname="backend.tests.test_password_recovery" name="test_malformed_bearer_token_returns_401" time="0.160" /><testcase classname="backend.tests.test_password_recovery" name="test_reset_password_is_single_use_and_invalidates_sessions" time="2.114" /><testcase classname="backend.tests.test_password_recovery" name="test_authenticated_change_password_invalidates_current_token" time="1.347" /><testcase classname="backend.tests.test_password_recovery" name="test_login_brute_force_limit" time="2.705" /><testcase classname="backend.tests.test_password_recovery" name="test_previous_owner_identity_no_longer_authenticates" time="0.655" /><testcase classname="backend.tests.test_password_recovery" name="test_super_admin_roster_contains_owner_and_no_legacy_owner_email" time="0.005" /><testcase classname="backend.tests.test_private_file_storage" name="test_uploaded_manuscript_is_registered_and_private" time="1.329" /><testcase classname="backend.tests.test_private_file_storage" name="test_private_file_routes_require_owner" time="2.853" /><testcase classname="backend.tests.test_private_file_storage" name="test_pdf_and_epub_exports_are_persisted" time="2.318" /><testcase classname="backend.tests.test_private_file_storage" name="test_regenerating_same_variant_reuses_private_record" time="0.573" /></testsuite></testsuites>