<?xml version="1.0" encoding="utf-8"?><testsuites name="pytest tests"><testsuite name="pytest" errors="0" failures="2" skipped="0" tests="18" time="23.090" timestamp="2026-09-14T00:14:08.616260+00:00" hostname="agent-env-ac0610b9-00e4-46da-a053-b9a3f461b142"><testcase classname="backend.tests.test_password_recovery" name="test_forgot_password_response_does_not_reveal_accounts" time="0.240" /><testcase classname="backend.tests.test_password_recovery" name="test_reset_password_is_single_use_and_invalidates_sessions" time="2.435" /><testcase classname="backend.tests.test_password_recovery" name="test_authenticated_change_password_invalidates_current_token" time="1.554" /><testcase classname="backend.tests.test_password_recovery" name="test_login_brute_force_limit" time="3.059" /><testcase classname="backend.tests.test_password_recovery" name="test_previous_owner_identity_no_longer_authenticates" time="0.652" /><testcase classname="backend.tests.test_password_recovery" name="test_only_expected_super_admin_remains" time="0.003" /><testcase classname="backend.tests.test_iter21_auth_hardening" name="test_forgot_password_generic_for_existing_and_unknown_accounts" time="3.452" /><testcase classname="backend.tests.test_iter21_auth_hardening" name="test_reset_token_record_stores_only_hash_and_30m_expiry" time="0.870" /><testcase classname="backend.tests.test_iter21_auth_hardening" name="test_reset_and_rate_limit_ttl_indexes_exist" time="0.006" /><testcase classname="backend.tests.test_iter21_auth_hardening" name="test_reset_password_rejects_expired_token" time="0.657" /><testcase classname="backend.tests.test_iter21_auth_hardening" name="test_change_password_requires_current_password" time="0.912" /><testcase classname="backend.tests.test_iter21_auth_hardening" name="test_change_password_rejects_same_password" time="1.115" /><testcase classname="backend.tests.test_iter21_auth_hardening" name="test_change_password_invalidates_jwt_and_allows_new_login" time="2.498" /><testcase classname="backend.tests.test_iter21_auth_hardening" name="test_successful_login_clears_prior_failures" time="3.852" /><testcase classname="backend.tests.test_iter21_auth_hardening" name="test_super_admin_containment_and_demotion_of_test_accounts" time="0.006" /><testcase classname="backend.tests.test_iter21_auth_hardening" name="test_registered_password_uses_bcrypt_2b_format" time="0.453" /><testcase classname="backend.tests.test_iter21_auth_hardening" name="test_login_sets_httponly_cookie" time="0.868"><failure message="AssertionError: assert ('access_token=' in '__cf_bm=u4c6IMXLIoLu.Ty2tQGsnI2xotwJfmqQd.ZrFfdLmU8-1789344871.144254-1.0.1.1-CYRMvqLBJ5NQ86HDenzpv2Ewt76NkOoxr5gYZU7mjEC_C2D8YKUSJ5xOPia.g_7N789121a1A7SARshqnlXx4P0n3SYCtkRD4WW9YJ9vqSrA_M7VdpixPhwAtP1q5Tcr; HttpOnly; SameSite=None; Secure; Path=/; Domain=preview.emergentagent.com; Expires=Mon, 14 Sep 2026 00:44:31 GMT' or 'auth_token=' in '__cf_bm=u4c6IMXLIoLu.Ty2tQGsnI2xotwJfmqQd.ZrFfdLmU8-1789344871.144254-1.0.1.1-CYRMvqLBJ5NQ86HDenzpv2Ewt76NkOoxr5gYZU7mjEC_C2D8YKUSJ5xOPia.g_7N789121a1A7SARshqnlXx4P0n3SYCtkRD4WW9YJ9vqSrA_M7VdpixPhwAtP1q5Tcr; HttpOnly; SameSite=None; Secure; Path=/; Domain=preview.emergentagent.com; Expires=Mon, 14 Sep 2026 00:44:31 GMT' or 'session=' in '__cf_bm=u4c6IMXLIoLu.Ty2tQGsnI2xotwJfmqQd.ZrFfdLmU8-1789344871.144254-1.0.1.1-CYRMvqLBJ5NQ86HDenzpv2Ewt76NkOoxr5gYZU7mjEC_C2D8YKUSJ5xOPia.g_7N789121a1A7SARshqnlXx4P0n3SYCtkRD4WW9YJ9vqSrA_M7VdpixPhwAtP1q5Tcr; HttpOnly; SameSite=None; Secure; Path=/; Domain=preview.emergentagent.com; Expires=Mon, 14 Sep 2026 00:44:31 GMT')">backend/tests/test_iter21_auth_hardening.py:239: in test_login_sets_httponly_cookie
    assert (
E   AssertionError: assert ('access_token=' in '__cf_bm=u4c6IMXLIoLu.Ty2tQGsnI2xotwJfmqQd.ZrFfdLmU8-1789344871.144254-1.0.1.1-CYRMvqLBJ5NQ86HDenzpv2Ewt76NkOoxr5gYZU7mjEC_C2D8YKUSJ5xOPia.g_7N789121a1A7SARshqnlXx4P0n3SYCtkRD4WW9YJ9vqSrA_M7VdpixPhwAtP1q5Tcr; HttpOnly; SameSite=None; Secure; Path=/; Domain=preview.emergentagent.com; Expires=Mon, 14 Sep 2026 00:44:31 GMT' or 'auth_token=' in '__cf_bm=u4c6IMXLIoLu.Ty2tQGsnI2xotwJfmqQd.ZrFfdLmU8-1789344871.144254-1.0.1.1-CYRMvqLBJ5NQ86HDenzpv2Ewt76NkOoxr5gYZU7mjEC_C2D8YKUSJ5xOPia.g_7N789121a1A7SARshqnlXx4P0n3SYCtkRD4WW9YJ9vqSrA_M7VdpixPhwAtP1q5Tcr; HttpOnly; SameSite=None; Secure; Path=/; Domain=preview.emergentagent.com; Expires=Mon, 14 Sep 2026 00:44:31 GMT' or 'session=' in '__cf_bm=u4c6IMXLIoLu.Ty2tQGsnI2xotwJfmqQd.ZrFfdLmU8-1789344871.144254-1.0.1.1-CYRMvqLBJ5NQ86HDenzpv2Ewt76NkOoxr5gYZU7mjEC_C2D8YKUSJ5xOPia.g_7N789121a1A7SARshqnlXx4P0n3SYCtkRD4WW9YJ9vqSrA_M7VdpixPhwAtP1q5Tcr; HttpOnly; SameSite=None; Secure; Path=/; Domain=preview.emergentagent.com; Expires=Mon, 14 Sep 2026 00:44:31 GMT')</failure></testcase><testcase classname="backend.tests.test_iter21_auth_hardening" name="test_cors_credentials_do_not_use_wildcard_origin" time="0.217"><failure message="AssertionError: assert 'https://edit...rgentcf.cloud' == 'https://edit...gentagent.com'&#10;  &#10;  - https://editorial-studio-19.preview.emergentagent.com&#10;  ?                                             ^^^^^   ^&#10;  + https://editorial-studio-19.cluster-2.preview.emergentcf.cloud&#10;  ?                             ++++++++++                ^^  + ^^">backend/tests/test_iter21_auth_hardening.py:262: in test_cors_credentials_do_not_use_wildcard_origin
    assert allow_origin == origin
E   AssertionError: assert 'https://edit...rgentcf.cloud' == 'https://edit...gentagent.com'
E     
E     - https://editorial-studio-19.preview.emergentagent.com
E     ?                                             ^^^^^   ^
E     + https://editorial-studio-19.cluster-2.preview.emergentcf.cloud
E     ?                             ++++++++++                ^^  + ^^</failure></testcase></testsuite></testsuites>