<?xml version="1.0" encoding="utf-8"?><testsuites name="pytest tests"><testsuite name="pytest" errors="0" failures="0" skipped="0" tests="4" time="4.018" timestamp="2026-09-13T22:47:07.385826+00:00" hostname="agent-env-ac0610b9-00e4-46da-a053-b9a3f461b142"><testcase classname="backend.tests.test_private_file_storage" name="test_uploaded_manuscript_is_registered_and_private" time="1.137" /><testcase classname="backend.tests.test_private_file_storage" name="test_private_file_routes_require_owner" time="0.893" /><testcase classname="backend.tests.test_private_file_storage" name="test_pdf_and_epub_exports_are_persisted" time="1.368" /><testcase classname="backend.tests.test_private_file_storage" name="test_regenerating_same_variant_reuses_private_record" time="0.570" /></testsuite></testsuites>