<?xml version="1.0" encoding="utf-8"?><testsuites name="pytest tests"><testsuite name="pytest" errors="0" failures="3" skipped="0" tests="25" time="16.362" timestamp="2026-05-27T01:14:55.139078+00:00" hostname="agent-env-ac0610b9-00e4-46da-a053-b9a3f461b142"><testcase classname="backend.tests.test_affiliate.TestAffiliateSettingsPublic" name="test_get_settings_default" time="0.149"><failure message="AssertionError: assert 'cash_and_perks' == 'credits'&#10;  &#10;  - credits&#10;  + cash_and_perks">backend/tests/test_affiliate.py:50: in test_get_settings_default
    assert body.get("reward_type") == "credits"
E   AssertionError: assert 'cash_and_perks' == 'credits'
E     
E     - credits
E     + cash_and_perks</failure></testcase><testcase classname="backend.tests.test_affiliate.TestAffiliateAdminAuth" name="test_put_admin_unauth_401" time="0.116" /><testcase classname="backend.tests.test_affiliate.TestAffiliateAdminAuth" name="test_put_admin_non_super_403" time="0.458" /><testcase classname="backend.tests.test_affiliate.TestAffiliateAdminSuper" name="test_put_admin_success_and_persists" time="0.854"><failure message="KeyError: 'commission_percent'">backend/tests/test_affiliate.py:139: in test_put_admin_success_and_persists
    assert updated["commission_percent"] == 25.0
           ^^^^^^^^^^^^^^^^^^^^^^^^^^^^^
E   KeyError: 'commission_percent'</failure></testcase><testcase classname="backend.tests.test_affiliate.TestAffiliateAdminSuper" name="test_put_admin_invalid_reward_type_400" time="0.819" /><testcase classname="backend.tests.test_affiliate.TestAffiliateAdminSuper" name="test_put_admin_invalid_commission_400" time="0.816"><failure message="AssertionError: {&quot;enabled&quot;:true,&quot;reward_type&quot;:&quot;cash_and_perks&quot;,&quot;signup_commission_percent&quot;:30.0,&quot;mrr_commission_percent&quot;:10.0,&quot;minimum_payout&quot;:50.0,&quot;qualifying_event&quot;:&quot;active_subscription_60d&quot;,&quot;active_days_required&quot;:60,&quot;payout_method&quot;:&quot;stripe_connect&quot;,&quot;currency&quot;:&quot;USD&quot;,&quot;stripe_connect_enabled&quot;:false,&quot;perks_description&quot;:&quot;Free book exports, audiobook minutes, and priority support.&quot;,&quot;notes&quot;:&quot;Updated by owner via API test.&quot;}&#10;assert 200 == 400&#10; +  where 200 = &lt;Response [200]&gt;.status_code">backend/tests/test_affiliate.py:168: in test_put_admin_invalid_commission_400
    assert r.status_code == 400, r.text
E   AssertionError: {"enabled":true,"reward_type":"cash_and_perks","signup_commission_percent":30.0,"mrr_commission_percent":10.0,"minimum_payout":50.0,"qualifying_event":"active_subscription_60d","active_days_required":60,"payout_method":"stripe_connect","currency":"USD","stripe_connect_enabled":false,"perks_description":"Free book exports, audiobook minutes, and priority support.","notes":"Updated by owner via API test."}
E   assert 200 == 400
E    +  where 200 = &lt;Response [200]&gt;.status_code</failure></testcase><testcase classname="backend.tests.test_affiliate.TestAffiliateAdminSuper" name="test_put_admin_invalid_qualifying_event_400" time="0.797" /><testcase classname="backend.tests.test_affiliate.TestLeaderboard" name="test_leaderboard_public" time="0.123" /><testcase classname="backend.tests.test_affiliate.TestLeaderboard" name="test_leaderboard_limit_clamped" time="0.258" /><testcase classname="backend.tests.test_affiliate.TestLeaderboard" name="test_leaderboard_sorted_desc_with_names" time="1.907" /><testcase classname="backend.tests.test_affiliate.TestBadges" name="test_badge_unauth_401" time="0.115" /><testcase classname="backend.tests.test_affiliate.TestBadges" name="test_badge_zero_referrals" time="0.445" /><testcase classname="backend.tests.test_affiliate.TestBadges" name="test_badge_ambassador_at_1" time="0.844" /><testcase classname="backend.tests.test_affiliate.TestBadges" name="test_badge_advocate_at_5" time="0.496" /><testcase classname="backend.tests.test_affiliate.TestRegression" name="test_register_and_me" time="0.453" /><testcase classname="backend.tests.test_affiliate.TestRegression" name="test_me_referrals_still_works" time="0.461" /><testcase classname="backend.tests.test_referrals.TestRegisterReferralCode" name="test_register_returns_referral_code" time="0.688" /><testcase classname="backend.tests.test_referrals.TestRegisterReferralCode" name="test_codes_are_unique" time="1.739" /><testcase classname="backend.tests.test_referrals.TestReferralAttribution" name="test_valid_referral_attributes" time="1.174" /><testcase classname="backend.tests.test_referrals.TestReferralAttribution" name="test_invalid_referral_silent_fallback" time="1.002" /><testcase classname="backend.tests.test_referrals.TestMeReferralsEndpoint" name="test_unauthenticated_401" time="0.107" /><testcase classname="backend.tests.test_referrals.TestMeReferralsEndpoint" name="test_me_includes_referral_code" time="0.731" /><testcase classname="backend.tests.test_referrals.TestLegacyBackfill" name="test_backfill_on_me" time="0.466" /><testcase classname="backend.tests.test_referrals.TestElevenLabsKeyRegression" name="test_put_delete_elevenlabs_key_includes_referral" time="0.625" /><testcase classname="backend.tests.test_referrals.TestRegressionDocumentsCreate" name="test_create_doc" time="0.550" /></testsuite></testsuites>