<?xml version="1.0" encoding="utf-8"?><testsuites name="pytest tests"><testsuite name="pytest" errors="0" failures="0" skipped="0" tests="75" time="46.257" timestamp="2026-09-13T18:51:24.889156+00:00" hostname="agent-env-ac0610b9-00e4-46da-a053-b9a3f461b142"><testcase classname="tests.test_billing.TestBillingPlans" name="test_plans_public_no_auth" time="0.185" /><testcase classname="tests.test_billing.TestBillingMe" name="test_me_requires_auth" time="0.141" /><testcase classname="tests.test_billing.TestBillingMe" name="test_fresh_user_inactive" time="0.509" /><testcase classname="tests.test_billing.TestBillingCheckout" name="test_checkout_requires_auth" time="0.156" /><testcase classname="tests.test_billing.TestBillingCheckout" name="test_checkout_invalid_plan_400" time="0.126" /><testcase classname="tests.test_billing.TestBillingCheckout" name="test_checkout_invalid_origin_400" time="0.140" /><testcase classname="tests.test_billing.TestBillingCheckout" name="test_checkout_creates_stripe_session_and_txn" time="0.665" /><testcase classname="tests.test_billing.TestBillingCheckout" name="test_status_returns_stripe_state" time="0.283" /><testcase classname="tests.test_billing.TestBillingCheckout" name="test_status_other_user_404" time="0.520" /><testcase classname="tests.test_billing.TestStripeWebhook" name="test_webhook_rejects_bad_payload_gracefully" time="0.132" /><testcase classname="tests.test_billing.TestStripeWebhook" name="test_webhook_endpoint_exists_post_only" time="0.133" /><testcase classname="tests.test_billing.TestUserCommissions" name="test_my_commissions_requires_auth" time="0.136" /><testcase classname="tests.test_billing.TestUserCommissions" name="test_my_commissions_empty_for_fresh_user" time="0.148" /><testcase classname="tests.test_billing.TestAdminCommissions" name="test_admin_list_requires_super_admin" time="0.161" /><testcase classname="tests.test_billing.TestAdminCommissions" name="test_admin_list_ok_for_owner" time="0.506" /><testcase classname="tests.test_billing.TestAdminCommissions" name="test_admin_list_filter_by_status" time="0.146" /><testcase classname="tests.test_billing.TestAdminCommissions" name="test_mark_paid_requires_super_admin" time="0.137" /><testcase classname="tests.test_billing.TestAdminCommissions" name="test_mark_paid_empty_ids_400" time="0.141" /><testcase classname="tests.test_billing.TestAdminCommissions" name="test_mark_paid_unknown_ids_returns_zero" time="0.153" /><testcase classname="tests.test_billing.TestCommissionAccrualLogic" name="test_calculate_commission_first_payment_uses_signup_pct" time="0.001" /><testcase classname="tests.test_billing.TestCommissionAccrualLogic" name="test_calculate_commission_mrr_within_active_window" time="0.000" /><testcase classname="tests.test_billing.TestCommissionAccrualLogic" name="test_calculate_commission_mrr_outside_active_window_is_none" time="0.000" /><testcase classname="tests.test_billing.TestCommissionAccrualLogic" name="test_calculate_commission_disabled_returns_none" time="0.000" /><testcase classname="tests.test_billing.TestChapterAudiobook" name="test_preview_chapters_returns_h1_h2_split" time="0.272" /><testcase classname="tests.test_billing.TestChapterAudiobook" name="test_preview_other_users_doc_404" time="0.302" /><testcase classname="tests.test_billing.TestChapterAudiobook" name="test_export_zero_chapters_returns_400" time="0.317" /><testcase classname="tests.test_billing.TestChapterAudiobook" name="test_export_single_chapter_returns_400" time="0.309" /><testcase classname="tests.test_billing.TestChapterAudiobook" name="test_export_other_users_doc_404" time="0.257" /><testcase classname="tests.test_billing.TestRegression" name="test_register_and_login_flow" time="0.747" /><testcase classname="tests.test_billing.TestRegression" name="test_auth_me_owner" time="0.131" /><testcase classname="tests.test_billing.TestRegression" name="test_affiliate_settings_public" time="0.137" /><testcase classname="tests.test_billing.TestRegression" name="test_admin_affiliate_settings_super_admin_only" time="0.306" /><testcase classname="tests.test_billing.TestRegression" name="test_referrals_leaderboard" time="0.125" /><testcase classname="tests.test_billing.TestRegression" name="test_auth_me_badge" time="0.289" /><testcase classname="tests.test_iter17_audit.TestAuth" name="test_register_login_me" time="0.878" /><testcase classname="tests.test_iter17_audit.TestAuth" name="test_admin_me_flags" time="0.509" /><testcase classname="tests.test_iter17_audit.TestAuth" name="test_referrals_and_badge" time="1.116" /><testcase classname="tests.test_iter17_audit.TestAuth" name="test_referred_by_set_on_registration" time="0.535" /><testcase classname="tests.test_iter17_audit.TestDocuments" name="test_crud" time="0.867" /><testcase classname="tests.test_iter17_audit.TestDocuments" name="test_docx_upload" time="0.254" /><testcase classname="tests.test_iter17_audit.TestDocuments" name="test_export_pdf_and_epub" time="0.468" /><testcase classname="tests.test_iter17_audit.TestAIEditor" name="test_tools_list" time="0.155" /><testcase classname="tests.test_iter17_audit.TestAIEditor" name="test_tighten_clarity_blurb" time="10.894" /><testcase classname="tests.test_iter17_audit.TestAIEditor" name="test_copyedit" time="1.747" /><testcase classname="tests.test_iter17_audit.TestWritingAgent" name="test_voices_list_has_seven" time="0.144" /><testcase classname="tests.test_iter17_audit.TestWritingAgent" name="test_quota_snapshot_shape" time="0.148" /><testcase classname="tests.test_iter17_audit.TestAgentQuotaDecrement" name="test_five_then_402" time="8.341" /><testcase classname="tests.test_iter17_audit.TestAgentQuotaDecrement" name="test_subscriber_unlimited" time="0.588" /><testcase classname="tests.test_iter17_audit.TestAgentChat" name="test_chat_history_persists_and_clears" time="2.838" /><testcase classname="tests.test_iter17_audit.TestChapterAudiobook" name="test_preview_returns_chapters" time="0.144" /><testcase classname="tests.test_iter17_audit.TestChapterAudiobook" name="test_export_400_when_single_chapter" time="0.281" /><testcase classname="tests.test_iter17_audit.TestChapterAudiobook" name="test_export_400_when_empty" time="0.238" /><testcase classname="tests.test_iter17_audit.TestAffiliateAndAdmin" name="test_public_settings" time="0.140" /><testcase classname="tests.test_iter17_audit.TestAffiliateAndAdmin" name="test_leaderboard" time="0.167" /><testcase classname="tests.test_iter17_audit.TestAffiliateAndAdmin" name="test_admin_settings_forbidden_for_regular" time="0.143" /><testcase classname="tests.test_iter17_audit.TestAffiliateAndAdmin" name="test_admin_settings_ok_for_admin" time="0.165" /><testcase classname="tests.test_iter17_audit.TestAffiliateAndAdmin" name="test_admin_commissions_gates" time="0.261" /><testcase classname="tests.test_iter17_audit.TestAffiliateAndAdmin" name="test_mark_paid_empty" time="0.144" /><testcase classname="tests.test_iter17_audit.TestAffiliateAndAdmin" name="test_billing_commissions_shape" time="0.130" /><testcase classname="tests.test_iter17_audit.TestBilling" name="test_plans" time="0.119" /><testcase classname="tests.test_iter17_audit.TestBilling" name="test_diagnostics_live" time="0.160" /><testcase classname="tests.test_iter17_audit.TestBilling" name="test_billing_me_default" time="0.162" /><testcase classname="tests.test_iter17_audit.TestBilling" name="test_live_checkout_creates_cs_live_session" time="0.387" /><testcase classname="tests.test_iter17_audit.TestBilling" name="test_checkout_status_404_for_other_user" time="0.929" /><testcase classname="tests.test_iter17_audit.TestBilling" name="test_webhook_bad_signature" time="0.157" /><testcase classname="tests.test_iter17_audit.TestBilling" name="test_portal_no_customer" time="0.171" /><testcase classname="tests.test_iter17_audit.TestStripeConnect" name="test_connect_status_default_false" time="0.159" /><testcase classname="tests.test_iter17_audit.TestStripeConnect" name="test_connect_onboard_503_or_actionable" time="0.296" /><testcase classname="tests.test_iter17_audit.TestStripeConnect" name="test_auto_payout_empty_ids" time="0.168" /><testcase classname="tests.test_iter17_audit.TestStripeConnect" name="test_auto_payout_no_connect_account" time="0.170" /><testcase classname="tests.test_iter17_audit.TestAdminGates" name="test_all_admin_endpoints_403" time="0.581" /><testcase classname="tests.test_iter18_quota_refund.TestQuotaRefundHTTP" name="test_empty_selected_text_refunds" time="1.001" /><testcase classname="tests.test_iter18_quota_refund.TestQuotaRefundHTTP" name="test_empty_instruction_refunds" time="0.820" /><testcase classname="tests.test_iter18_quota_refund.TestQuotaRefundHTTP" name="test_successful_command_still_decrements" time="1.794" /><testcase classname="tests.test_iter18_quota_refund.TestRefundHelperDirect" name="test_refund_reverses_increment" time="0.011" /></testsuite></testsuites>