<?xml version="1.0" encoding="utf-8"?><testsuites name="pytest tests"><testsuite name="pytest" errors="0" failures="0" skipped="1" tests="67" time="71.711" timestamp="2026-09-13T22:47:20.530359+00:00" hostname="agent-env-ac0610b9-00e4-46da-a053-b9a3f461b142"><testcase classname="backend.tests.test_upload_export.TestUpload" name="test_upload_requires_auth" time="0.206" /><testcase classname="backend.tests.test_upload_export.TestUpload" name="test_upload_docx_preserves_html" time="0.602" /><testcase classname="backend.tests.test_upload_export.TestUpload" name="test_upload_txt_wraps_in_p" time="0.208" /><testcase classname="backend.tests.test_upload_export.TestUpload" name="test_upload_pages_returns_400_with_message" time="0.074" /><testcase classname="backend.tests.test_upload_export.TestUpload" name="test_upload_pdf_returns_400" time="0.081" /><testcase classname="backend.tests.test_upload_export.TestFormats" name="test_list_formats" time="0.081" /><testcase classname="backend.tests.test_upload_export.TestExport" name="test_export_requires_auth" time="0.086" /><testcase classname="backend.tests.test_upload_export.TestExport" name="test_export_pdf_trims[6x9]" time="0.257" /><testcase classname="backend.tests.test_upload_export.TestExport" name="test_export_pdf_trims[8.5x11]" time="0.220" /><testcase classname="backend.tests.test_upload_export.TestExport" name="test_export_pdf_trims[5x8]" time="0.253" /><testcase classname="backend.tests.test_upload_export.TestExport" name="test_export_pdf_no_trim_defaults" time="0.238" /><testcase classname="backend.tests.test_upload_export.TestExport" name="test_export_epub" time="0.236" /><testcase classname="backend.tests.test_upload_export.TestExport" name="test_export_unsupported_format" time="0.078" /><testcase classname="backend.tests.test_upload_export.TestExport" name="test_export_other_user_returns_404" time="0.457" /><testcase classname="backend.tests.test_pipeline_cover" name="test_create_doc_has_pipeline_status_all_false" time="0.524" /><testcase classname="backend.tests.test_pipeline_cover" name="test_list_docs_includes_pipeline_status" time="0.249" /><testcase classname="backend.tests.test_pipeline_cover" name="test_manuscript_false_when_short_content" time="0.261" /><testcase classname="backend.tests.test_pipeline_cover" name="test_manuscript_true_when_long_content" time="0.295" /><testcase classname="backend.tests.test_pipeline_cover" name="test_metadata_false_when_only_author" time="0.292" /><testcase classname="backend.tests.test_pipeline_cover" name="test_metadata_false_when_only_description" time="0.252" /><testcase classname="backend.tests.test_pipeline_cover" name="test_metadata_true_when_both_set" time="0.282" /><testcase classname="backend.tests.test_pipeline_cover" name="test_cover_upload_valid_jpg" time="0.544" /><testcase classname="backend.tests.test_pipeline_cover" name="test_cover_upload_unsupported_ext" time="0.245" /><testcase classname="backend.tests.test_pipeline_cover" name="test_cover_upload_empty_bytes" time="0.291" /><testcase classname="backend.tests.test_pipeline_cover" name="test_cover_fetch_returns_image_bytes" time="0.742" /><testcase classname="backend.tests.test_pipeline_cover" name="test_cover_delete" time="0.996" /><testcase classname="backend.tests.test_pipeline_cover" name="test_cover_other_user_404" time="0.618" /><testcase classname="backend.tests.test_pipeline_cover" name="test_cover_unauthenticated" time="0.272" /><testcase classname="backend.tests.test_pipeline_cover" name="test_export_pdf_flips_pipeline" time="0.572" /><testcase classname="backend.tests.test_pipeline_cover" name="test_export_epub_flips_pipeline" time="0.639" /><testcase classname="backend.tests.test_pipeline_cover" name="test_audiobook_upload_flips_pipeline" time="0.582" /><testcase classname="backend.tests.test_elevenlabs_upload.TestKeyManagement" name="test_me_initial_has_no_key" time="0.472" /><testcase classname="backend.tests.test_elevenlabs_upload.TestKeyManagement" name="test_put_key_too_short_rejected" time="0.125" /><testcase classname="backend.tests.test_elevenlabs_upload.TestKeyManagement" name="test_put_valid_key_sets_flag" time="0.275" /><testcase classname="backend.tests.test_elevenlabs_upload.TestKeyManagement" name="test_delete_key_clears_flag" time="0.420" /><testcase classname="backend.tests.test_elevenlabs_upload.TestKeyManagement" name="test_key_endpoints_unauthenticated" time="0.272" /><testcase classname="backend.tests.test_elevenlabs_upload.TestElevenLabsAPIs" name="test_voices_no_key" time="0.598" /><testcase classname="backend.tests.test_elevenlabs_upload.TestElevenLabsAPIs" name="test_voices_fake_key_returns_401" time="0.263" /><testcase classname="backend.tests.test_elevenlabs_upload.TestElevenLabsAPIs" name="test_preview_no_key" time="0.122" /><testcase classname="backend.tests.test_elevenlabs_upload.TestElevenLabsAPIs" name="test_preview_missing_voice_id" time="0.121" /><testcase classname="backend.tests.test_elevenlabs_upload.TestElevenLabsAPIs" name="test_preview_empty_voice_id" time="0.144" /><testcase classname="backend.tests.test_elevenlabs_upload.TestElevenLabsAPIs" name="test_preview_fake_key_returns_401" time="0.181" /><testcase classname="backend.tests.test_elevenlabs_upload.TestElevenLabsAPIs" name="test_elevenlabs_audiobook_cross_user_404" time="0.282" /><testcase classname="backend.tests.test_elevenlabs_upload.TestElevenLabsAPIs" name="test_elevenlabs_endpoints_unauthenticated" time="0.255" /><testcase classname="backend.tests.test_elevenlabs_upload.TestAudiobookUpload" name="test_info_before_upload" time="0.234" /><testcase classname="backend.tests.test_elevenlabs_upload.TestAudiobookUpload" name="test_upload_happy_path" time="0.339" /><testcase classname="backend.tests.test_elevenlabs_upload.TestAudiobookUpload" name="test_info_after_upload" time="0.139" /><testcase classname="backend.tests.test_elevenlabs_upload.TestAudiobookUpload" name="test_fetch_audiobook" time="0.214" /><testcase classname="backend.tests.test_elevenlabs_upload.TestAudiobookUpload" name="test_upload_bad_extension" time="0.158" /><testcase classname="backend.tests.test_elevenlabs_upload.TestAudiobookUpload" name="test_upload_empty_bytes" time="0.119" /><testcase classname="backend.tests.test_elevenlabs_upload.TestAudiobookUpload" name="test_upload_cross_user_404" time="0.125" /><testcase classname="backend.tests.test_elevenlabs_upload.TestAudiobookUpload" name="test_delete_audiobook" time="0.256" /><testcase classname="backend.tests.test_elevenlabs_upload.TestAudiobookUpload" name="test_audiobook_endpoints_unauthenticated" time="0.650" /><testcase classname="backend.tests.test_voice_memos" name="test_memo_endpoints_require_auth" time="0.966" /><testcase classname="backend.tests.test_voice_memos" name="test_create_memo_rejects_bad_extension" time="0.266" /><testcase classname="backend.tests.test_voice_memos" name="test_create_memo_rejects_empty" time="0.238" /><testcase classname="backend.tests.test_voice_memos" name="test_create_memo_rejects_oversize" time="1.280" /><testcase classname="backend.tests.test_voice_memos" name="test_create_memo_happy_path_returns_full_schema" time="36.332" /><testcase classname="backend.tests.test_voice_memos" name="test_create_memo_accepts_querystring_params" time="0.397" /><testcase classname="backend.tests.test_voice_memos" name="test_list_memos_returns_push_order" time="1.017" /><testcase classname="backend.tests.test_voice_memos" name="test_fetch_memo_audio_returns_bytes_and_content_type" time="1.177" /><testcase classname="backend.tests.test_voice_memos" name="test_fetch_memo_audio_unknown_id_returns_404" time="0.287" /><testcase classname="backend.tests.test_voice_memos" name="test_cross_user_access_returns_404" time="1.385" /><testcase classname="backend.tests.test_voice_memos" name="test_transcribe_first_uncached_then_cached" time="10.381"><skipped type="pytest.skip" message="Whisper returned empty transcript for silent wav — cache path not exercised">/app/backend/tests/test_voice_memos.py:226: Whisper returned empty transcript for silent wav — cache path not exercised</skipped></testcase><testcase classname="backend.tests.test_voice_memos" name="test_delete_memo_removes_file_and_pulls_record" time="0.863" /><testcase classname="backend.tests.test_voice_memos" name="test_regression_pipeline_status_still_works" time="0.249" /><testcase classname="backend.tests.test_voice_memos" name="test_regression_document_get_includes_memos_field" time="0.249" /></testsuite></testsuites>