<?xml version="1.0" encoding="utf-8"?><testsuites name="pytest tests"><testsuite name="pytest" errors="0" failures="0" skipped="0" tests="8" time="13.862" timestamp="2026-05-26T11:51:54.698371+00:00" hostname="agent-env-ac0610b9-00e4-46da-a053-b9a3f461b142"><testcase classname="backend.tests.test_ai_editorial.TestAiToolsCatalog" name="test_list_no_auth_returns_5_tools" time="0.145" /><testcase classname="backend.tests.test_ai_editorial.TestAiHappyPath" name="test_tighten_returns_prose" time="3.666" /><testcase classname="backend.tests.test_ai_editorial.TestAiHappyPath" name="test_blurb_returns_blurb_within_length" time="7.087" /><testcase classname="backend.tests.test_ai_editorial.TestAiHappyPath" name="test_chapter_titles_returns_numbered_list" time="2.195" /><testcase classname="backend.tests.test_ai_editorial.TestAiErrors" name="test_unknown_tool_returns_400" time="0.048" /><testcase classname="backend.tests.test_ai_editorial.TestAiErrors" name="test_empty_document_returns_400" time="0.220" /><testcase classname="backend.tests.test_ai_editorial.TestAiErrors" name="test_unauthenticated_returns_401" time="0.044" /><testcase classname="backend.tests.test_ai_editorial.TestAiErrors" name="test_other_user_returns_404" time="0.407" /></testsuite></testsuites>