<?xml version="1.0" encoding="utf-8"?><testsuites name="pytest tests"><testsuite name="pytest" errors="0" failures="0" skipped="1" tests="14" time="16.663" timestamp="2026-05-26T18:21:45.536407+00:00" hostname="agent-env-ac0610b9-00e4-46da-a053-b9a3f461b142"><testcase classname="backend.tests.test_voice_memos" name="test_memo_endpoints_require_auth" time="0.845" /><testcase classname="backend.tests.test_voice_memos" name="test_create_memo_rejects_bad_extension" time="0.225" /><testcase classname="backend.tests.test_voice_memos" name="test_create_memo_rejects_empty" time="0.249" /><testcase classname="backend.tests.test_voice_memos" name="test_create_memo_rejects_oversize" time="1.485" /><testcase classname="backend.tests.test_voice_memos" name="test_create_memo_happy_path_returns_full_schema" time="0.258" /><testcase classname="backend.tests.test_voice_memos" name="test_create_memo_accepts_querystring_params" time="0.231" /><testcase classname="backend.tests.test_voice_memos" name="test_list_memos_returns_push_order" time="0.603" /><testcase classname="backend.tests.test_voice_memos" name="test_fetch_memo_audio_returns_bytes_and_content_type" time="0.375" /><testcase classname="backend.tests.test_voice_memos" name="test_fetch_memo_audio_unknown_id_returns_404" time="0.233" /><testcase classname="backend.tests.test_voice_memos" name="test_cross_user_access_returns_404" time="1.229" /><testcase classname="backend.tests.test_voice_memos" name="test_transcribe_first_uncached_then_cached" time="9.638"><skipped type="pytest.skip" message="Whisper returned empty transcript for silent wav — cache path not exercised">/app/backend/tests/test_voice_memos.py:226: Whisper returned empty transcript for silent wav — cache path not exercised</skipped></testcase><testcase classname="backend.tests.test_voice_memos" name="test_delete_memo_removes_file_and_pulls_record" time="0.670" /><testcase classname="backend.tests.test_voice_memos" name="test_regression_pipeline_status_still_works" time="0.280" /><testcase classname="backend.tests.test_voice_memos" name="test_regression_document_get_includes_memos_field" time="0.266" /></testsuite></testsuites>