<?xml version="1.0" encoding="utf-8"?><testsuites name="pytest tests"><testsuite name="pytest" errors="0" failures="0" skipped="0" tests="48" time="22.116" timestamp="2026-05-26T18:04:42.646437+00:00" hostname="agent-env-ac0610b9-00e4-46da-a053-b9a3f461b142"><testcase classname="backend.tests.test_dictation_and_cover_pdf" name="test_transcribe_unauthenticated" time="0.236" /><testcase classname="backend.tests.test_dictation_and_cover_pdf" name="test_transcribe_empty_file" time="0.554" /><testcase classname="backend.tests.test_dictation_and_cover_pdf" name="test_transcribe_invalid_extension" time="0.147" /><testcase classname="backend.tests.test_dictation_and_cover_pdf" name="test_transcribe_valid_silent_wav" time="8.495" /><testcase classname="backend.tests.test_dictation_and_cover_pdf" name="test_transcribe_oversize" time="1.110" /><testcase classname="backend.tests.test_dictation_and_cover_pdf" name="test_cover_pdf_no_cover_uploaded" time="0.239" /><testcase classname="backend.tests.test_dictation_and_cover_pdf" name="test_cover_pdf_with_cover_default_trim" time="0.434" /><testcase classname="backend.tests.test_dictation_and_cover_pdf" name="test_cover_pdf_trim_8_5x11_echoed" time="0.424" /><testcase classname="backend.tests.test_dictation_and_cover_pdf" name="test_cover_pdf_invalid_trim_defaults_6x9" time="0.474" /><testcase classname="backend.tests.test_dictation_and_cover_pdf" name="test_cover_pdf_cross_user_404" time="0.819" /><testcase classname="backend.tests.test_dictation_and_cover_pdf" name="test_cover_pdf_unauthenticated" time="0.248" /><testcase classname="backend.tests.test_dictation_and_cover_pdf" name="test_image_to_pdf_valid_jpg_6x9" time="0.149" /><testcase classname="backend.tests.test_dictation_and_cover_pdf" name="test_image_to_pdf_non_image_400" time="0.122" /><testcase classname="backend.tests.test_dictation_and_cover_pdf" name="test_image_to_pdf_no_trim_defaults_6x9" time="0.147" /><testcase classname="backend.tests.test_dictation_and_cover_pdf" name="test_image_to_pdf_unauthenticated" time="0.130" /><testcase classname="backend.tests.test_dictation_and_cover_pdf" name="test_regression_pipeline_status_present" time="0.237" /><testcase classname="backend.tests.test_dictation_and_cover_pdf" name="test_regression_cover_upload_and_get" time="0.369" /><testcase classname="backend.tests.test_pipeline_cover" name="test_create_doc_has_pipeline_status_all_false" time="0.475" /><testcase classname="backend.tests.test_pipeline_cover" name="test_list_docs_includes_pipeline_status" time="0.260" /><testcase classname="backend.tests.test_pipeline_cover" name="test_manuscript_false_when_short_content" time="0.235" /><testcase classname="backend.tests.test_pipeline_cover" name="test_manuscript_true_when_long_content" time="0.234" /><testcase classname="backend.tests.test_pipeline_cover" name="test_metadata_false_when_only_author" time="0.249" /><testcase classname="backend.tests.test_pipeline_cover" name="test_metadata_false_when_only_description" time="0.261" /><testcase classname="backend.tests.test_pipeline_cover" name="test_metadata_true_when_both_set" time="0.239" /><testcase classname="backend.tests.test_pipeline_cover" name="test_cover_upload_valid_jpg" time="0.382" /><testcase classname="backend.tests.test_pipeline_cover" name="test_cover_upload_unsupported_ext" time="0.320" /><testcase classname="backend.tests.test_pipeline_cover" name="test_cover_upload_empty_bytes" time="0.255" /><testcase classname="backend.tests.test_pipeline_cover" name="test_cover_fetch_returns_image_bytes" time="0.399" /><testcase classname="backend.tests.test_pipeline_cover" name="test_cover_delete" time="0.608" /><testcase classname="backend.tests.test_pipeline_cover" name="test_cover_other_user_404" time="0.587" /><testcase classname="backend.tests.test_pipeline_cover" name="test_cover_unauthenticated" time="0.318" /><testcase classname="backend.tests.test_pipeline_cover" name="test_export_pdf_flips_pipeline" time="0.547" /><testcase classname="backend.tests.test_pipeline_cover" name="test_export_epub_flips_pipeline" time="0.362" /><testcase classname="backend.tests.test_pipeline_cover" name="test_audiobook_upload_flips_pipeline" time="0.374" /><testcase classname="backend.tests.test_upload_export.TestUpload" name="test_upload_requires_auth" time="0.131" /><testcase classname="backend.tests.test_upload_export.TestUpload" name="test_upload_docx_preserves_html" time="0.387" /><testcase classname="backend.tests.test_upload_export.TestUpload" name="test_upload_txt_wraps_in_p" time="0.062" /><testcase classname="backend.tests.test_upload_export.TestUpload" name="test_upload_pages_returns_400_with_message" time="0.055" /><testcase classname="backend.tests.test_upload_export.TestUpload" name="test_upload_pdf_returns_400" time="0.069" /><testcase classname="backend.tests.test_upload_export.TestFormats" name="test_list_formats" time="0.061" /><testcase classname="backend.tests.test_upload_export.TestExport" name="test_export_requires_auth" time="0.060" /><testcase classname="backend.tests.test_upload_export.TestExport" name="test_export_pdf_trims[6x9]" time="0.066" /><testcase classname="backend.tests.test_upload_export.TestExport" name="test_export_pdf_trims[8.5x11]" time="0.060" /><testcase classname="backend.tests.test_upload_export.TestExport" name="test_export_pdf_trims[5x8]" time="0.070" /><testcase classname="backend.tests.test_upload_export.TestExport" name="test_export_pdf_no_trim_defaults" time="0.070" /><testcase classname="backend.tests.test_upload_export.TestExport" name="test_export_epub" time="0.071" /><testcase classname="backend.tests.test_upload_export.TestExport" name="test_export_unsupported_format" time="0.058" /><testcase classname="backend.tests.test_upload_export.TestExport" name="test_export_other_user_returns_404" time="0.344" /></testsuite></testsuites>