<?xml version="1.0" encoding="utf-8"?><testsuites name="pytest tests"><testsuite name="pytest" errors="0" failures="0" skipped="0" tests="17" time="6.303" timestamp="2026-05-26T17:22:56.253976+00:00" hostname="agent-env-ac0610b9-00e4-46da-a053-b9a3f461b142"><testcase classname="backend.tests.test_pipeline_cover" name="test_create_doc_has_pipeline_status_all_false" time="0.675" /><testcase classname="backend.tests.test_pipeline_cover" name="test_list_docs_includes_pipeline_status" time="0.278" /><testcase classname="backend.tests.test_pipeline_cover" name="test_manuscript_false_when_short_content" time="0.284" /><testcase classname="backend.tests.test_pipeline_cover" name="test_manuscript_true_when_long_content" time="0.302" /><testcase classname="backend.tests.test_pipeline_cover" name="test_metadata_false_when_only_author" time="0.236" /><testcase classname="backend.tests.test_pipeline_cover" name="test_metadata_false_when_only_description" time="0.251" /><testcase classname="backend.tests.test_pipeline_cover" name="test_metadata_true_when_both_set" time="0.282" /><testcase classname="backend.tests.test_pipeline_cover" name="test_cover_upload_valid_jpg" time="0.414" /><testcase classname="backend.tests.test_pipeline_cover" name="test_cover_upload_unsupported_ext" time="0.239" /><testcase classname="backend.tests.test_pipeline_cover" name="test_cover_upload_empty_bytes" time="0.253" /><testcase classname="backend.tests.test_pipeline_cover" name="test_cover_fetch_returns_image_bytes" time="0.344" /><testcase classname="backend.tests.test_pipeline_cover" name="test_cover_delete" time="0.606" /><testcase classname="backend.tests.test_pipeline_cover" name="test_cover_other_user_404" time="0.583" /><testcase classname="backend.tests.test_pipeline_cover" name="test_cover_unauthenticated" time="0.232" /><testcase classname="backend.tests.test_pipeline_cover" name="test_export_pdf_flips_pipeline" time="0.417" /><testcase classname="backend.tests.test_pipeline_cover" name="test_export_epub_flips_pipeline" time="0.458" /><testcase classname="backend.tests.test_pipeline_cover" name="test_audiobook_upload_flips_pipeline" time="0.393" /></testsuite></testsuites>