<?xml version="1.0" encoding="utf-8"?><testsuites name="pytest tests"><testsuite name="pytest" errors="0" failures="0" skipped="0" tests="11" time="25.288" timestamp="2026-05-26T12:08:05.419560+00:00" hostname="agent-env-ac0610b9-00e4-46da-a053-b9a3f461b142"><testcase classname="backend.tests.test_copyedit.TestStyleGuides" name="test_list_no_auth_returns_4_guides" time="0.171" /><testcase classname="backend.tests.test_copyedit.TestCopyEditHappyPath" name="test_response_shape" time="12.564" /><testcase classname="backend.tests.test_copyedit.TestCopyEditHappyPath" name="test_readability_metrics" time="0.000" /><testcase classname="backend.tests.test_copyedit.TestCopyEditHappyPath" name="test_issues_nonempty_and_schema" time="0.000" /><testcase classname="backend.tests.test_copyedit.TestCopyEditHappyPath" name="test_categories_cover_target_problems" time="0.000" /><testcase classname="backend.tests.test_copyedit.TestCopyEditHappyPath" name="test_issues_sorted_by_severity" time="0.000" /><testcase classname="backend.tests.test_copyedit.TestCopyEditHappyPath" name="test_original_substring_present_in_paragraph" time="0.108" /><testcase classname="backend.tests.test_copyedit.TestInvalidStyleGuide" name="test_invalid_guide_defaults_chicago" time="11.917" /><testcase classname="backend.tests.test_copyedit.TestCopyEditErrors" name="test_empty_document_returns_400" time="0.098" /><testcase classname="backend.tests.test_copyedit.TestCopyEditErrors" name="test_unauthenticated_returns_401" time="0.043" /><testcase classname="backend.tests.test_copyedit.TestCopyEditErrors" name="test_other_user_returns_404" time="0.318" /></testsuite></testsuites>