<?xml version="1.0" encoding="utf-8"?><testsuites name="pytest tests"><testsuite name="pytest" errors="0" failures="0" skipped="0" tests="11" time="13.883" timestamp="2026-05-26T12:29:15.036257+00:00" hostname="agent-env-ac0610b9-00e4-46da-a053-b9a3f461b142"><testcase classname="backend.tests.test_audio_studio.TestVoicesCatalog" name="test_voices_public_no_auth_required" time="0.250" /><testcase classname="backend.tests.test_audio_studio.TestTtsPreview" name="test_preview_unauthenticated_returns_401" time="0.066" /><testcase classname="backend.tests.test_audio_studio.TestTtsPreview" name="test_preview_missing_text_and_content_returns_400" time="0.330" /><testcase classname="backend.tests.test_audio_studio.TestTtsPreview" name="test_preview_text_too_long_returns_400" time="0.049" /><testcase classname="backend.tests.test_audio_studio.TestTtsPreview" name="test_preview_success_with_text" time="2.839" /><testcase classname="backend.tests.test_audio_studio.TestTtsPreview" name="test_preview_success_with_html_content" time="2.507" /><testcase classname="backend.tests.test_audio_studio.TestAudiobook" name="test_audiobook_success_short_doc" time="2.348" /><testcase classname="backend.tests.test_audio_studio.TestAudiobook" name="test_audiobook_empty_doc_returns_413" time="0.111" /><testcase classname="backend.tests.test_audio_studio.TestAudiobook" name="test_audiobook_not_owned_returns_404" time="0.317" /><testcase classname="backend.tests.test_audio_studio.TestAudiobook" name="test_audiobook_invalid_voice_silently_falls_back" time="3.383" /><testcase classname="backend.tests.test_audio_studio.TestAudiobook" name="test_audiobook_excessive_speed_clamps" time="1.614" /></testsuite></testsuites>