<?xml version="1.0" encoding="utf-8"?><testsuites name="pytest tests"><testsuite name="pytest" errors="0" failures="1" skipped="0" tests="22" time="5.015" timestamp="2026-05-26T12:43:01.495245+00:00" hostname="agent-env-ac0610b9-00e4-46da-a053-b9a3f461b142"><testcase classname="backend.tests.test_elevenlabs_upload.TestKeyManagement" name="test_me_initial_has_no_key" time="0.608" /><testcase classname="backend.tests.test_elevenlabs_upload.TestKeyManagement" name="test_put_key_too_short_rejected" time="0.112" /><testcase classname="backend.tests.test_elevenlabs_upload.TestKeyManagement" name="test_put_valid_key_sets_flag" time="0.237" /><testcase classname="backend.tests.test_elevenlabs_upload.TestKeyManagement" name="test_delete_key_clears_flag" time="0.394" /><testcase classname="backend.tests.test_elevenlabs_upload.TestKeyManagement" name="test_key_endpoints_unauthenticated" time="0.339" /><testcase classname="backend.tests.test_elevenlabs_upload.TestElevenLabsAPIs" name="test_voices_no_key" time="0.456" /><testcase classname="backend.tests.test_elevenlabs_upload.TestElevenLabsAPIs" name="test_voices_fake_key_returns_401" time="0.269" /><testcase classname="backend.tests.test_elevenlabs_upload.TestElevenLabsAPIs" name="test_preview_no_key" time="0.101" /><testcase classname="backend.tests.test_elevenlabs_upload.TestElevenLabsAPIs" name="test_preview_missing_voice_id" time="0.105" /><testcase classname="backend.tests.test_elevenlabs_upload.TestElevenLabsAPIs" name="test_preview_empty_voice_id" time="0.105" /><testcase classname="backend.tests.test_elevenlabs_upload.TestElevenLabsAPIs" name="test_preview_fake_key_returns_401" time="0.161"><failure message="AssertionError: Got 502: {&quot;detail&quot;:&quot;ElevenLabs error: headers: {'date': 'Tue, 26 May 2026 12:43:04 GMT', 'server': 'uvicorn', 'content-length': '67', 'content-type': 'application/json', 'vary': 'Accept-Language', 'access-control-allow-origin': '*', 'access-control-allow-headers': '*', 'access-control-allow-methods': 'POST, PATCH, OPTIONS, DELETE, GET, PUT', 'access-control-max-age': '600', 'strict-transport-security': 'max-age=1800;', 'x-trace-id': '428760b2b8624d7da33982790253a162', 'x-region': 'us-central1', 'via': '1.1 google', 'alt-svc': 'h3=\&quot;:443\&quot;; ma=2592000'}, status_code: 401, body: {'detail': {'status': 'invalid_api_key', 'message': 'Invalid API key'}}&quot;}&#10;assert 502 in (400, 401)&#10; +  where 502 = &lt;Response [502]&gt;.status_code">backend/tests/test_elevenlabs_upload.py:211: in test_preview_fake_key_returns_401
    assert r.status_code in (400, 401), f"Got {r.status_code}: {r.text}"
E   AssertionError: Got 502: {"detail":"ElevenLabs error: headers: {'date': 'Tue, 26 May 2026 12:43:04 GMT', 'server': 'uvicorn', 'content-length': '67', 'content-type': 'application/json', 'vary': 'Accept-Language', 'access-control-allow-origin': '*', 'access-control-allow-headers': '*', 'access-control-allow-methods': 'POST, PATCH, OPTIONS, DELETE, GET, PUT', 'access-control-max-age': '600', 'strict-transport-security': 'max-age=1800;', 'x-trace-id': '428760b2b8624d7da33982790253a162', 'x-region': 'us-central1', 'via': '1.1 google', 'alt-svc': 'h3=\":443\"; ma=2592000'}, status_code: 401, body: {'detail': {'status': 'invalid_api_key', 'message': 'Invalid API key'}}"}
E   assert 502 in (400, 401)
E    +  where 502 = &lt;Response [502]&gt;.status_code</failure></testcase><testcase classname="backend.tests.test_elevenlabs_upload.TestElevenLabsAPIs" name="test_elevenlabs_audiobook_cross_user_404" time="0.241" /><testcase classname="backend.tests.test_elevenlabs_upload.TestElevenLabsAPIs" name="test_elevenlabs_endpoints_unauthenticated" time="0.219" /><testcase classname="backend.tests.test_elevenlabs_upload.TestAudiobookUpload" name="test_info_before_upload" time="0.226" /><testcase classname="backend.tests.test_elevenlabs_upload.TestAudiobookUpload" name="test_upload_happy_path" time="0.110" /><testcase classname="backend.tests.test_elevenlabs_upload.TestAudiobookUpload" name="test_info_after_upload" time="0.126" /><testcase classname="backend.tests.test_elevenlabs_upload.TestAudiobookUpload" name="test_fetch_audiobook" time="0.113" /><testcase classname="backend.tests.test_elevenlabs_upload.TestAudiobookUpload" name="test_upload_bad_extension" time="0.103" /><testcase classname="backend.tests.test_elevenlabs_upload.TestAudiobookUpload" name="test_upload_empty_bytes" time="0.108" /><testcase classname="backend.tests.test_elevenlabs_upload.TestAudiobookUpload" name="test_upload_cross_user_404" time="0.106" /><testcase classname="backend.tests.test_elevenlabs_upload.TestAudiobookUpload" name="test_delete_audiobook" time="0.221" /><testcase classname="backend.tests.test_elevenlabs_upload.TestAudiobookUpload" name="test_audiobook_endpoints_unauthenticated" time="0.448" /></testsuite></testsuites>