<?xml version="1.0" encoding="utf-8"?><testsuites name="pytest tests"><testsuite name="pytest" errors="0" failures="0" skipped="0" tests="14" time="1.619" timestamp="2026-05-26T11:38:00.970316+00:00" hostname="agent-env-ac0610b9-00e4-46da-a053-b9a3f461b142"><testcase classname="backend.tests.test_upload_export.TestUpload" name="test_upload_requires_auth" time="0.182" /><testcase classname="backend.tests.test_upload_export.TestUpload" name="test_upload_docx_preserves_html" time="0.380" /><testcase classname="backend.tests.test_upload_export.TestUpload" name="test_upload_txt_wraps_in_p" time="0.055" /><testcase classname="backend.tests.test_upload_export.TestUpload" name="test_upload_pages_returns_400_with_message" time="0.051" /><testcase classname="backend.tests.test_upload_export.TestUpload" name="test_upload_pdf_returns_400" time="0.050" /><testcase classname="backend.tests.test_upload_export.TestFormats" name="test_list_formats" time="0.049" /><testcase classname="backend.tests.test_upload_export.TestExport" name="test_export_requires_auth" time="0.053" /><testcase classname="backend.tests.test_upload_export.TestExport" name="test_export_pdf_trims[6x9]" time="0.056" /><testcase classname="backend.tests.test_upload_export.TestExport" name="test_export_pdf_trims[8.5x11]" time="0.055" /><testcase classname="backend.tests.test_upload_export.TestExport" name="test_export_pdf_trims[5x8]" time="0.051" /><testcase classname="backend.tests.test_upload_export.TestExport" name="test_export_pdf_no_trim_defaults" time="0.054" /><testcase classname="backend.tests.test_upload_export.TestExport" name="test_export_epub" time="0.056" /><testcase classname="backend.tests.test_upload_export.TestExport" name="test_export_unsupported_format" time="0.050" /><testcase classname="backend.tests.test_upload_export.TestExport" name="test_export_other_user_returns_404" time="0.328" /></testsuite></testsuites>