<?xml version="1.0" encoding="utf-8"?><testsuites name="pytest tests"><testsuite name="pytest" errors="0" failures="0" skipped="0" tests="17" time="16.951" timestamp="2026-05-26T17:40:17.896947+00:00" hostname="agent-env-ac0610b9-00e4-46da-a053-b9a3f461b142"><testcase classname="backend.tests.test_dictation_and_cover_pdf" name="test_transcribe_unauthenticated" time="0.193" /><testcase classname="backend.tests.test_dictation_and_cover_pdf" name="test_transcribe_empty_file" time="0.503" /><testcase classname="backend.tests.test_dictation_and_cover_pdf" name="test_transcribe_invalid_extension" time="0.122" /><testcase classname="backend.tests.test_dictation_and_cover_pdf" name="test_transcribe_valid_silent_wav" time="10.436" /><testcase classname="backend.tests.test_dictation_and_cover_pdf" name="test_transcribe_oversize" time="1.216" /><testcase classname="backend.tests.test_dictation_and_cover_pdf" name="test_cover_pdf_no_cover_uploaded" time="0.296" /><testcase classname="backend.tests.test_dictation_and_cover_pdf" name="test_cover_pdf_with_cover_default_trim" time="0.408" /><testcase classname="backend.tests.test_dictation_and_cover_pdf" name="test_cover_pdf_trim_8_5x11_echoed" time="0.450" /><testcase classname="backend.tests.test_dictation_and_cover_pdf" name="test_cover_pdf_invalid_trim_defaults_6x9" time="0.456" /><testcase classname="backend.tests.test_dictation_and_cover_pdf" name="test_cover_pdf_cross_user_404" time="1.254" /><testcase classname="backend.tests.test_dictation_and_cover_pdf" name="test_cover_pdf_unauthenticated" time="0.252" /><testcase classname="backend.tests.test_dictation_and_cover_pdf" name="test_image_to_pdf_valid_jpg_6x9" time="0.158" /><testcase classname="backend.tests.test_dictation_and_cover_pdf" name="test_image_to_pdf_non_image_400" time="0.246" /><testcase classname="backend.tests.test_dictation_and_cover_pdf" name="test_image_to_pdf_no_trim_defaults_6x9" time="0.148" /><testcase classname="backend.tests.test_dictation_and_cover_pdf" name="test_image_to_pdf_unauthenticated" time="0.131" /><testcase classname="backend.tests.test_dictation_and_cover_pdf" name="test_regression_pipeline_status_present" time="0.269" /><testcase classname="backend.tests.test_dictation_and_cover_pdf" name="test_regression_cover_upload_and_get" time="0.357" /></testsuite></testsuites>